[2025-12-07 11:37:35] [INFO] ═══════════════════════════════════════════════
[2025-12-07 11:37:35] [INFO] Sistema PAiNEL SHA iniciado com sucesso!
[2025-12-07 11:37:35] [INFO] ═══════════════════════════════════════════════
[2025-12-07 11:37:35] [INFO] Usuário criado: Lucas Martins (55555555555) - Perfil: ADMIN
[2025-12-08 09:46:44] [INFO] ═══════════════════════════════════════════════
[2025-12-08 09:46:44] [INFO] Sistema PAiNEL SHA iniciado com sucesso!
[2025-12-08 09:46:44] [INFO] ═══════════════════════════════════════════════
[2025-12-08 11:12:58] [INFO] ═══════════════════════════════════════════════
[2025-12-08 11:12:58] [INFO] Iniciando Painel de Monitoramento de Hidrômetros
[2025-12-08 11:12:58] [INFO] ═══════════════════════════════════════════════
[2025-12-08 11:12:58] [INFO] ✓ Subsistema de Persistência inicializado
[2025-12-08 11:12:58] [INFO] ✓ Gerenciador de Usuários inicializado
[2025-12-08 11:12:59] [INFO] ✓ Gerenciador de Contas inicializado
[2025-12-08 11:12:59] [INFO] ✓ Monitor de Consumo inicializado (Bridge com LeitorSimuladoImpl)
[2025-12-08 11:12:59] [INFO] ✓ Gerenciador de Notificações inicializado
[2025-12-08 11:12:59] [INFO] ✓ Sistema de Alertas inicializado e registrado como Observer
[2025-12-08 11:12:59] [INFO] ✓ Gerenciador de Comandos inicializado
[2025-12-08 11:12:59] [INFO] ═══════════════════════════════════════════════
[2025-12-08 11:12:59] [INFO] Sistema PAiNEL SHA iniciado com sucesso!
[2025-12-08 11:12:59] [INFO] ═══════════════════════════════════════════════
[2025-12-08 11:12:59] [INFO] Simulador adicionado: SHA 1001 -> /home/pedro/IdeaProjects/SimuladorHidrometro
[2025-12-08 11:12:59] [INFO] Configuração carregada de arquivo: 1 simulador(es)
[2025-12-08 11:12:59] [INFO] Sincronização automática iniciada: 1 simulador(es), intervalo de 5s
[2025-12-08 11:12:59] [INFO] SHA 1001 sincronizado: 01.jpeg (57,1 KB)
[2025-12-08 11:12:59] [INFO] Sincronização: 1 sucesso(s), 0 falha(s), 1 total
[2025-12-08 11:13:04] [INFO] SHA 1001 sincronizado: 01.jpeg (57,1 KB)
[2025-12-08 11:13:04] [INFO] Sincronização: 1 sucesso(s), 0 falha(s), 1 total
[2025-12-08 11:13:09] [INFO] SHA 1001 sincronizado: 01.jpeg (57,1 KB)
[2025-12-08 11:13:09] [INFO] Sincronização: 1 sucesso(s), 0 falha(s), 1 total
[2025-12-08 13:14:36] [INFO] SHA 1001 sincronizado: 01.jpeg (57,1 KB)
[2025-12-08 13:14:36] [INFO] Sincronização: 1 sucesso(s), 0 falha(s), 1 total
[2025-12-08 13:14:36] [INFO] Sincronização automática parada
[2025-12-09 08:46:00] [INFO] ═══════════════════════════════════════════════
[2025-12-09 08:46:00] [INFO] Iniciando Painel de Monitoramento de Hidrômetros
[2025-12-09 08:46:00] [INFO] ═══════════════════════════════════════════════
[2025-12-09 08:46:00] [INFO] ✓ Subsistema de Persistência inicializado
[2025-12-09 08:46:00] [INFO] ✓ Gerenciador de Usuários inicializado
[2025-12-09 08:46:00] [INFO] ✓ Gerenciador de Contas inicializado
[2025-12-09 08:46:00] [INFO] ✓ Monitor de Consumo inicializado (Bridge com LeitorSimuladoImpl)
[2025-12-09 08:46:00] [INFO] ✓ Gerenciador de Notificações inicializado
[2025-12-09 08:46:00] [INFO] ✓ Sistema de Alertas inicializado e registrado como Observer
[2025-12-09 08:46:00] [INFO] ✓ Gerenciador de Comandos inicializado
[2025-12-09 08:46:00] [INFO] ═══════════════════════════════════════════════
[2025-12-09 08:46:00] [INFO] Sistema PAiNEL SHA iniciado com sucesso!
[2025-12-09 08:46:00] [INFO] ═══════════════════════════════════════════════
[2025-12-09 08:46:00] [INFO] Simulador adicionado: SHA 1001 -> /home/pedro/IdeaProjects/SimuladorHidrometro
[2025-12-09 08:46:00] [INFO] Configuração carregada de arquivo: 1 simulador(es)
[2025-12-09 08:46:01] [INFO] Sincronização automática iniciada: 1 simulador(es), intervalo de 5s
[2025-12-09 08:46:01] [INFO] SHA 1001 sincronizado: 01.jpeg (57,1 KB)
[2025-12-09 08:46:01] [INFO] Sincronização: 1 sucesso(s), 0 falha(s), 1 total
[2025-12-09 08:46:06] [INFO] SHA 1001 sincronizado: 01.jpeg (57,1 KB)
[2025-12-09 08:46:06] [INFO] Sincronização: 1 sucesso(s), 0 falha(s), 1 total
[2025-12-09 08:46:11] [INFO] SHA 1001 sincronizado: 01.jpeg (57,1 KB)
[2025-12-09 08:46:11] [INFO] Sincronização: 1 sucesso(s), 0 falha(s), 1 total
[2025-12-09 08:46:16] [INFO] SHA 1001 sincronizado: 01.jpeg (57,1 KB)
[2025-12-09 08:46:16] [INFO] Sincronização: 1 sucesso(s), 0 falha(s), 1 total
[2025-12-09 08:46:21] [INFO] SHA 1001 sincronizado: 01.jpeg (57,1 KB)
[2025-12-09 08:46:21] [INFO] Sincronização: 1 sucesso(s), 0 falha(s), 1 total
[2025-12-09 08:46:26] [INFO] SHA 1001 sincronizado: 01.jpeg (57,1 KB)
[2025-12-09 08:46:26] [INFO] Sincronização: 1 sucesso(s), 0 falha(s), 1 total
[2025-12-09 08:46:31] [INFO] SHA 1001 sincronizado: 01.jpeg (57,1 KB)
[2025-12-09 08:46:31] [INFO] Sincronização: 1 sucesso(s), 0 falha(s), 1 total
[2025-12-09 08:46:36] [INFO] SHA 1001 sincronizado: 01.jpeg (57,1 KB)
[2025-12-09 08:46:36] [INFO] Sincronização: 1 sucesso(s), 0 falha(s), 1 total
[2025-12-09 08:46:41] [INFO] SHA 1001 sincronizado: 01.jpeg (57,1 KB)
[2025-12-09 08:46:41] [INFO] Sincronização: 1 sucesso(s), 0 falha(s), 1 total
[2025-12-09 08:46:46] [INFO] SHA 1001 sincronizado: 01.jpeg (57,1 KB)
[2025-12-09 08:46:46] [INFO] Sincronização: 1 sucesso(s), 0 falha(s), 1 total
[2025-12-09 08:46:51] [INFO] SHA 1001 sincronizado: 01.jpeg (57,1 KB)
[2025-12-09 08:46:51] [INFO] Sincronização: 1 sucesso(s), 0 falha(s), 1 total
[2025-12-09 08:46:56] [INFO] SHA 1001 sincronizado: 01.jpeg (57,1 KB)
[2025-12-09 08:46:56] [INFO] Sincronização: 1 sucesso(s), 0 falha(s), 1 total
[2025-12-09 08:47:01] [INFO] SHA 1001 sincronizado: 01.jpeg (57,1 KB)
[2025-12-09 08:47:01] [INFO] Sincronização: 1 sucesso(s), 0 falha(s), 1 total
[2025-12-09 08:47:06] [INFO] SHA 1001 sincronizado: 01.jpeg (57,1 KB)
[2025-12-09 08:47:06] [INFO] Sincronização: 1 sucesso(s), 0 falha(s), 1 total
[2025-12-09 08:47:11] [INFO] SHA 1001 sincronizado: 01.jpeg (57,1 KB)
[2025-12-09 08:47:11] [INFO] Sincronização: 1 sucesso(s), 0 falha(s), 1 total
[2025-12-09 08:47:16] [INFO] SHA 1001 sincronizado: 01.jpeg (57,1 KB)
[2025-12-09 08:47:16] [INFO] Sincronização: 1 sucesso(s), 0 falha(s), 1 total
[2025-12-09 08:47:21] [INFO] SHA 1001 sincronizado: 01.jpeg (57,1 KB)
[2025-12-09 08:47:21] [INFO] Sincronização: 1 sucesso(s), 0 falha(s), 1 total
[2025-12-09 08:47:26] [INFO] SHA 1001 sincronizado: 01.jpeg (57,1 KB)
[2025-12-09 08:47:26] [INFO] Sincronização: 1 sucesso(s), 0 falha(s), 1 total
[2025-12-09 08:47:31] [INFO] SHA 1001 sincronizado: 01.jpeg (57,1 KB)
[2025-12-09 08:47:31] [INFO] Sincronização: 1 sucesso(s), 0 falha(s), 1 total
[2025-12-09 08:47:36] [INFO] SHA 1001 sincronizado: 01.jpeg (57,1 KB)
[2025-12-09 08:47:36] [INFO] Sincronização: 1 sucesso(s), 0 falha(s), 1 total
[2025-12-09 08:47:41] [INFO] SHA 1001 sincronizado: 01.jpeg (57,1 KB)
[2025-12-09 08:47:41] [INFO] Sincronização: 1 sucesso(s), 0 falha(s), 1 total
[2025-12-09 08:47:46] [INFO] SHA 1001 sincronizado: 01.jpeg (57,1 KB)
[2025-12-09 08:47:46] [INFO] Sincronização: 1 sucesso(s), 0 falha(s), 1 total
[2025-12-09 08:47:51] [INFO] SHA 1001 sincronizado: 01.jpeg (57,1 KB)
[2025-12-09 08:47:51] [INFO] Sincronização: 1 sucesso(s), 0 falha(s), 1 total
[2025-12-09 08:47:56] [INFO] SHA 1001 sincronizado: 01.jpeg (57,1 KB)
[2025-12-09 08:47:56] [INFO] Sincronização: 1 sucesso(s), 0 falha(s), 1 total
[2025-12-09 08:48:01] [INFO] SHA 1001 sincronizado: 01.jpeg (57,1 KB)
[2025-12-09 08:48:01] [INFO] Sincronização: 1 sucesso(s), 0 falha(s), 1 total
[2025-12-09 08:48:06] [INFO] SHA 1001 sincronizado: 01.jpeg (57,1 KB)
[2025-12-09 08:48:06] [INFO] Sincronização: 1 sucesso(s), 0 falha(s), 1 total
[2025-12-09 08:48:11] [INFO] SHA 1001 sincronizado: 01.jpeg (57,1 KB)
[2025-12-09 08:48:11] [INFO] Sincronização: 1 sucesso(s), 0 falha(s), 1 total
[2025-12-09 08:48:16] [INFO] SHA 1001 sincronizado: 01.jpeg (57,1 KB)
[2025-12-09 08:48:16] [INFO] Sincronização: 1 sucesso(s), 0 falha(s), 1 total
[2025-12-09 08:48:21] [INFO] SHA 1001 sincronizado: 01.jpeg (57,1 KB)
[2025-12-09 08:48:21] [INFO] Sincronização: 1 sucesso(s), 0 falha(s), 1 total
[2025-12-09 08:48:26] [INFO] SHA 1001 sincronizado: 01.jpeg (57,1 KB)
[2025-12-09 08:48:26] [INFO] Sincronização: 1 sucesso(s), 0 falha(s), 1 total
[2025-12-09 08:48:31] [INFO] SHA 1001 sincronizado: 01.jpeg (57,1 KB)
[2025-12-09 08:48:31] [INFO] Sincronização: 1 sucesso(s), 0 falha(s), 1 total
[2025-12-09 08:48:36] [INFO] SHA 1001 sincronizado: 01.jpeg (57,1 KB)
[2025-12-09 08:48:36] [INFO] Sincronização: 1 sucesso(s), 0 falha(s), 1 total
[2025-12-09 08:48:41] [INFO] SHA 1001 sincronizado: 01.jpeg (57,1 KB)
[2025-12-09 08:48:41] [INFO] Sincronização: 1 sucesso(s), 0 falha(s), 1 total
[2025-12-09 08:48:46] [INFO] SHA 1001 sincronizado: 01.jpeg (57,1 KB)
[2025-12-09 08:48:46] [INFO] Sincronização: 1 sucesso(s), 0 falha(s), 1 total
[2025-12-09 08:48:51] [INFO] SHA 1001 sincronizado: 01.jpeg (57,1 KB)
[2025-12-09 08:48:51] [INFO] Sincronização: 1 sucesso(s), 0 falha(s), 1 total
[2025-12-09 08:48:56] [INFO] SHA 1001 sincronizado: 01.jpeg (57,1 KB)
[2025-12-09 08:48:56] [INFO] Sincronização: 1 sucesso(s), 0 falha(s), 1 total
[2025-12-09 08:49:01] [INFO] SHA 1001 sincronizado: 01.jpeg (57,1 KB)
[2025-12-09 08:49:01] [INFO] Sincronização: 1 sucesso(s), 0 falha(s), 1 total
[2025-12-09 08:49:04] [INFO] Sincronização automática parada
[2025-12-09 08:49:14] [INFO] ═══════════════════════════════════════════════
[2025-12-09 08:49:14] [INFO] Iniciando Painel de Monitoramento de Hidrômetros
[2025-12-09 08:49:14] [INFO] ═══════════════════════════════════════════════
[2025-12-09 08:49:14] [INFO] ✓ Subsistema de Persistência inicializado
[2025-12-09 08:49:14] [INFO] ✓ Gerenciador de Usuários inicializado
[2025-12-09 08:49:14] [INFO] ✓ Gerenciador de Contas inicializado
[2025-12-09 08:49:14] [INFO] ✓ Monitor de Consumo inicializado (Bridge com LeitorSimuladoImpl)
[2025-12-09 08:49:14] [INFO] ✓ Gerenciador de Notificações inicializado
[2025-12-09 08:49:14] [INFO] ✓ Sistema de Alertas inicializado e registrado como Observer
[2025-12-09 08:49:14] [INFO] ✓ Gerenciador de Comandos inicializado
[2025-12-09 08:49:14] [INFO] ═══════════════════════════════════════════════
[2025-12-09 08:49:14] [INFO] Sistema PAiNEL SHA iniciado com sucesso!
[2025-12-09 08:49:14] [INFO] ═══════════════════════════════════════════════
[2025-12-09 08:49:14] [INFO] Simulador adicionado: SHA 1001 -> /home/pedro/IdeaProjects/SimuladorHidrometro
[2025-12-09 08:49:14] [INFO] Configuração carregada de arquivo: 1 simulador(es)
[2025-12-09 08:49:14] [INFO] Sincronização automática iniciada: 1 simulador(es), intervalo de 5s
[2025-12-09 08:49:14] [INFO] SHA 1001 sincronizado: 01.jpeg (57,1 KB)
[2025-12-09 08:49:14] [INFO] Sincronização: 1 sucesso(s), 0 falha(s), 1 total
[2025-12-09 08:49:19] [INFO] SHA 1001 sincronizado: 01.jpeg (57,1 KB)
[2025-12-09 08:49:19] [INFO] Sincronização: 1 sucesso(s), 0 falha(s), 1 total
[2025-12-09 08:49:24] [INFO] SHA 1001 sincronizado: 01.jpeg (57,1 KB)
[2025-12-09 08:49:24] [INFO] Sincronização: 1 sucesso(s), 0 falha(s), 1 total
[2025-12-09 08:49:29] [INFO] SHA 1001 sincronizado: 01.jpeg (57,1 KB)
[2025-12-09 08:49:29] [INFO] Sincronização: 1 sucesso(s), 0 falha(s), 1 total
[2025-12-09 08:49:34] [INFO] SHA 1001 sincronizado: 01.jpeg (57,1 KB)
[2025-12-09 08:49:34] [INFO] Sincronização: 1 sucesso(s), 0 falha(s), 1 total
[2025-12-09 08:49:39] [INFO] SHA 1001 sincronizado: 01.jpeg (57,1 KB)
[2025-12-09 08:49:39] [INFO] Sincronização: 1 sucesso(s), 0 falha(s), 1 total
[2025-12-09 08:49:44] [INFO] SHA 1001 sincronizado: 01.jpeg (57,1 KB)
[2025-12-09 08:49:44] [INFO] Sincronização: 1 sucesso(s), 0 falha(s), 1 total
[2025-12-09 08:49:49] [INFO] SHA 1001 sincronizado: 01.jpeg (57,1 KB)
[2025-12-09 08:49:49] [INFO] Sincronização: 1 sucesso(s), 0 falha(s), 1 total
[2025-12-09 08:49:54] [INFO] SHA 1001 sincronizado: 01.jpeg (57,1 KB)
[2025-12-09 08:49:54] [INFO] Sincronização: 1 sucesso(s), 0 falha(s), 1 total
[2025-12-09 08:49:59] [INFO] SHA 1001 sincronizado: 01.jpeg (57,1 KB)
[2025-12-09 08:49:59] [INFO] Sincronização: 1 sucesso(s), 0 falha(s), 1 total
[2025-12-09 08:50:04] [INFO] SHA 1001 sincronizado: 01.jpeg (57,1 KB)
[2025-12-09 08:50:04] [INFO] Sincronização: 1 sucesso(s), 0 falha(s), 1 total
[2025-12-09 08:50:09] [INFO] SHA 1001 sincronizado: 01.jpeg (57,1 KB)
[2025-12-09 08:50:09] [INFO] Sincronização: 1 sucesso(s), 0 falha(s), 1 total
[2025-12-09 08:50:14] [INFO] SHA 1001 sincronizado: 01.jpeg (57,1 KB)
[2025-12-09 08:50:14] [INFO] Sincronização: 1 sucesso(s), 0 falha(s), 1 total
[2025-12-09 08:50:19] [INFO] SHA 1001 sincronizado: 01.jpeg (57,1 KB)
[2025-12-09 08:50:19] [INFO] Sincronização: 1 sucesso(s), 0 falha(s), 1 total
[2025-12-09 08:50:24] [INFO] SHA 1001 sincronizado: 01.jpeg (57,1 KB)
[2025-12-09 08:50:24] [INFO] Sincronização: 1 sucesso(s), 0 falha(s), 1 total
[2025-12-09 08:50:29] [INFO] SHA 1001 sincronizado: 01.jpeg (57,1 KB)
[2025-12-09 08:50:29] [INFO] Sincronização: 1 sucesso(s), 0 falha(s), 1 total
[2025-12-09 08:50:34] [INFO] SHA 1001 sincronizado: 01.jpeg (57,1 KB)
[2025-12-09 08:50:34] [INFO] Sincronização: 1 sucesso(s), 0 falha(s), 1 total
[2025-12-09 08:50:39] [INFO] SHA 1001 sincronizado: 01.jpeg (57,1 KB)
[2025-12-09 08:50:39] [INFO] Sincronização: 1 sucesso(s), 0 falha(s), 1 total
[2025-12-09 08:50:44] [INFO] SHA 1001 sincronizado: 01.jpeg (57,1 KB)
[2025-12-09 08:50:44] [INFO] Sincronização: 1 sucesso(s), 0 falha(s), 1 total
[2025-12-09 08:50:49] [INFO] SHA 1001 sincronizado: 01.jpeg (57,1 KB)
[2025-12-09 08:50:49] [INFO] Sincronização: 1 sucesso(s), 0 falha(s), 1 total
[2025-12-09 08:50:54] [INFO] SHA 1001 sincronizado: 01.jpeg (57,1 KB)
[2025-12-09 08:50:54] [INFO] Sincronização: 1 sucesso(s), 0 falha(s), 1 total
[2025-12-09 08:50:59] [INFO] SHA 1001 sincronizado: 01.jpeg (57,1 KB)
[2025-12-09 08:50:59] [INFO] Sincronização: 1 sucesso(s), 0 falha(s), 1 total
[2025-12-09 08:51:04] [INFO] SHA 1001 sincronizado: 01.jpeg (57,1 KB)
[2025-12-09 08:51:04] [INFO] Sincronização: 1 sucesso(s), 0 falha(s), 1 total
[2025-12-09 08:51:09] [INFO] SHA 1001 sincronizado: 01.jpeg (57,1 KB)
[2025-12-09 08:51:09] [INFO] Sincronização: 1 sucesso(s), 0 falha(s), 1 total
[2025-12-09 08:51:14] [INFO] SHA 1001 sincronizado: 01.jpeg (57,1 KB)
[2025-12-09 08:51:14] [INFO] Sincronização: 1 sucesso(s), 0 falha(s), 1 total
[2025-12-09 08:51:19] [INFO] SHA 1001 sincronizado: 01.jpeg (57,1 KB)
[2025-12-09 08:51:19] [INFO] Sincronização: 1 sucesso(s), 0 falha(s), 1 total
[2025-12-09 08:51:24] [INFO] SHA 1001 sincronizado: 01.jpeg (57,1 KB)
[2025-12-09 08:51:24] [INFO] Sincronização: 1 sucesso(s), 0 falha(s), 1 total
[2025-12-09 08:51:29] [INFO] SHA 1001 sincronizado: 01.jpeg (57,1 KB)
[2025-12-09 08:51:29] [INFO] Sincronização: 1 sucesso(s), 0 falha(s), 1 total
[2025-12-09 08:51:34] [INFO] SHA 1001 sincronizado: 01.jpeg (57,1 KB)
[2025-12-09 08:51:34] [INFO] Sincronização: 1 sucesso(s), 0 falha(s), 1 total
[2025-12-09 08:51:39] [INFO] SHA 1001 sincronizado: 01.jpeg (57,1 KB)
[2025-12-09 08:51:39] [INFO] Sincronização: 1 sucesso(s), 0 falha(s), 1 total
[2025-12-09 08:51:44] [INFO] SHA 1001 sincronizado: 01.jpeg (57,1 KB)
[2025-12-09 08:51:44] [INFO] Sincronização: 1 sucesso(s), 0 falha(s), 1 total
[2025-12-09 08:51:49] [INFO] SHA 1001 sincronizado: 01.jpeg (57,1 KB)
[2025-12-09 08:51:49] [INFO] Sincronização: 1 sucesso(s), 0 falha(s), 1 total
[2025-12-09 08:51:54] [INFO] SHA 1001 sincronizado: 01.jpeg (57,1 KB)
[2025-12-09 08:51:54] [INFO] Sincronização: 1 sucesso(s), 0 falha(s), 1 total
[2025-12-09 08:51:59] [INFO] SHA 1001 sincronizado: 01.jpeg (57,1 KB)
[2025-12-09 08:51:59] [INFO] Sincronização: 1 sucesso(s), 0 falha(s), 1 total
[2025-12-09 08:52:04] [INFO] SHA 1001 sincronizado: 01.jpeg (57,1 KB)
[2025-12-09 08:52:04] [INFO] Sincronização: 1 sucesso(s), 0 falha(s), 1 total
[2025-12-09 08:52:09] [INFO] SHA 1001 sincronizado: 01.jpeg (57,1 KB)
[2025-12-09 08:52:09] [INFO] Sincronização: 1 sucesso(s), 0 falha(s), 1 total
[2025-12-09 08:52:14] [INFO] SHA 1001 sincronizado: 01.jpeg (57,1 KB)
[2025-12-09 08:52:14] [INFO] Sincronização: 1 sucesso(s), 0 falha(s), 1 total
[2025-12-09 08:52:15] [INFO] Sincronização automática parada
[2025-12-09 08:52:24] [INFO] ═══════════════════════════════════════════════
[2025-12-09 08:52:24] [INFO] Iniciando Painel de Monitoramento de Hidrômetros
[2025-12-09 08:52:24] [INFO] ═══════════════════════════════════════════════
[2025-12-09 08:52:24] [INFO] ✓ Subsistema de Persistência inicializado
[2025-12-09 08:52:24] [INFO] ✓ Gerenciador de Usuários inicializado
[2025-12-09 08:52:24] [INFO] ✓ Gerenciador de Contas inicializado
[2025-12-09 08:52:24] [INFO] ✓ Monitor de Consumo inicializado (Bridge com LeitorSimuladoImpl)
[2025-12-09 08:52:24] [INFO] ✓ Gerenciador de Notificações inicializado
[2025-12-09 08:52:24] [INFO] ✓ Sistema de Alertas inicializado e registrado como Observer
[2025-12-09 08:52:24] [INFO] ✓ Gerenciador de Comandos inicializado
[2025-12-09 08:52:24] [INFO] ═══════════════════════════════════════════════
[2025-12-09 08:52:24] [INFO] Sistema PAiNEL SHA iniciado com sucesso!
[2025-12-09 08:52:24] [INFO] ═══════════════════════════════════════════════
[2025-12-09 08:52:24] [INFO] Simulador adicionado: SHA 1001 -> /home/pedro/IdeaProjects/SimuladorHidrometro
[2025-12-09 08:52:24] [INFO] Configuração carregada de arquivo: 1 simulador(es)
[2025-12-09 08:52:24] [INFO] Sincronização automática iniciada: 1 simulador(es), intervalo de 5s
[2025-12-09 08:52:24] [INFO] SHA 1001 sincronizado: 01.jpeg (57,1 KB)
[2025-12-09 08:52:24] [INFO] Sincronização: 1 sucesso(s), 0 falha(s), 1 total
[2025-12-09 08:52:29] [INFO] SHA 1001 sincronizado: 01.jpeg (57,1 KB)
[2025-12-09 08:52:29] [INFO] Sincronização: 1 sucesso(s), 0 falha(s), 1 total
[2025-12-09 08:52:34] [INFO] SHA 1001 sincronizado: 01.jpeg (57,1 KB)
[2025-12-09 08:52:34] [INFO] Sincronização: 1 sucesso(s), 0 falha(s), 1 total
[2025-12-09 08:52:39] [INFO] SHA 1001 sincronizado: 01.jpeg (57,1 KB)
[2025-12-09 08:52:39] [INFO] Sincronização: 1 sucesso(s), 0 falha(s), 1 total
[2025-12-09 08:52:43] [INFO] Consumo do SHA 1001: 97.62 m³
[2025-12-09 08:52:44] [INFO] SHA 1001 sincronizado: 01.jpeg (57,1 KB)
[2025-12-09 08:52:44] [INFO] Sincronização: 1 sucesso(s), 0 falha(s), 1 total
[2025-12-09 08:52:49] [INFO] SHA 1001 sincronizado: 01.jpeg (57,1 KB)
[2025-12-09 08:52:49] [INFO] Sincronização: 1 sucesso(s), 0 falha(s), 1 total
[2025-12-09 08:52:54] [INFO] SHA 1001 sincronizado: 01.jpeg (57,1 KB)
[2025-12-09 08:52:54] [INFO] Sincronização: 1 sucesso(s), 0 falha(s), 1 total
[2025-12-09 08:52:59] [INFO] SHA 1001 sincronizado: 01.jpeg (57,1 KB)
[2025-12-09 08:52:59] [INFO] Sincronização: 1 sucesso(s), 0 falha(s), 1 total
[2025-12-09 08:53:00] [INFO] Consumo do SHA 1001: 70.75 m³
[2025-12-09 08:53:04] [INFO] SHA 1001 sincronizado: 01.jpeg (57,1 KB)
[2025-12-09 08:53:04] [INFO] Sincronização: 1 sucesso(s), 0 falha(s), 1 total
[2025-12-09 08:53:09] [INFO] SHA 1001 sincronizado: 01.jpeg (57,1 KB)
[2025-12-09 08:53:09] [INFO] Sincronização: 1 sucesso(s), 0 falha(s), 1 total
[2025-12-09 08:53:14] [INFO] SHA 1001 sincronizado: 01.jpeg (57,1 KB)
[2025-12-09 08:53:14] [INFO] Sincronização: 1 sucesso(s), 0 falha(s), 1 total
[2025-12-09 08:53:19] [INFO] SHA 1001 sincronizado: 01.jpeg (57,1 KB)
[2025-12-09 08:53:19] [INFO] Sincronização: 1 sucesso(s), 0 falha(s), 1 total
[2025-12-09 08:53:24] [INFO] SHA 1001 sincronizado: 01.jpeg (57,1 KB)
[2025-12-09 08:53:24] [INFO] Sincronização: 1 sucesso(s), 0 falha(s), 1 total
[2025-12-09 08:53:29] [INFO] SHA 1001 sincronizado: 01.jpeg (57,1 KB)
[2025-12-09 08:53:29] [INFO] Sincronização: 1 sucesso(s), 0 falha(s), 1 total
[2025-12-09 08:53:34] [INFO] SHA 1001 sincronizado: 01.jpeg (57,1 KB)
[2025-12-09 08:53:34] [INFO] Sincronização: 1 sucesso(s), 0 falha(s), 1 total
[2025-12-09 08:53:39] [INFO] SHA 1001 sincronizado: 01.jpeg (57,1 KB)
[2025-12-09 08:53:39] [INFO] Sincronização: 1 sucesso(s), 0 falha(s), 1 total
[2025-12-09 08:53:44] [INFO] SHA 1001 sincronizado: 01.jpeg (57,1 KB)
[2025-12-09 08:53:44] [INFO] Sincronização: 1 sucesso(s), 0 falha(s), 1 total
[2025-12-09 08:53:49] [INFO] SHA 1001 sincronizado: 01.jpeg (57,1 KB)
[2025-12-09 08:53:49] [INFO] Sincronização: 1 sucesso(s), 0 falha(s), 1 total
[2025-12-09 08:53:54] [INFO] SHA 1001 sincronizado: 01.jpeg (57,1 KB)
[2025-12-09 08:53:54] [INFO] Sincronização: 1 sucesso(s), 0 falha(s), 1 total
[2025-12-09 08:53:59] [INFO] SHA 1001 sincronizado: 01.jpeg (57,1 KB)
[2025-12-09 08:53:59] [INFO] Sincronização: 1 sucesso(s), 0 falha(s), 1 total
[2025-12-09 08:54:04] [INFO] SHA 1001 sincronizado: 01.jpeg (57,1 KB)
[2025-12-09 08:54:04] [INFO] Sincronização: 1 sucesso(s), 0 falha(s), 1 total
[2025-12-09 08:54:09] [INFO] SHA 1001 sincronizado: 01.jpeg (57,1 KB)
[2025-12-09 08:54:09] [INFO] Sincronização: 1 sucesso(s), 0 falha(s), 1 total
[2025-12-09 08:54:14] [INFO] SHA 1001 sincronizado: 01.jpeg (57,1 KB)
[2025-12-09 08:54:14] [INFO] Sincronização: 1 sucesso(s), 0 falha(s), 1 total
[2025-12-09 08:54:19] [INFO] SHA 1001 sincronizado: 01.jpeg (57,1 KB)
[2025-12-09 08:54:19] [INFO] Sincronização: 1 sucesso(s), 0 falha(s), 1 total
[2025-12-09 08:54:24] [INFO] SHA 1001 sincronizado: 01.jpeg (57,1 KB)
[2025-12-09 08:54:24] [INFO] Sincronização: 1 sucesso(s), 0 falha(s), 1 total
[2025-12-09 08:54:29] [INFO] SHA 1001 sincronizado: 01.jpeg (57,1 KB)
[2025-12-09 08:54:29] [INFO] Sincronização: 1 sucesso(s), 0 falha(s), 1 total
[2025-12-09 08:54:34] [INFO] SHA 1001 sincronizado: 01.jpeg (57,1 KB)
[2025-12-09 08:54:34] [INFO] Sincronização: 1 sucesso(s), 0 falha(s), 1 total
[2025-12-09 08:54:39] [INFO] SHA 1001 sincronizado: 01.jpeg (57,1 KB)
[2025-12-09 08:54:39] [INFO] Sincronização: 1 sucesso(s), 0 falha(s), 1 total
[2025-12-09 08:54:44] [INFO] SHA 1001 sincronizado: 01.jpeg (57,1 KB)
[2025-12-09 08:54:44] [INFO] Sincronização: 1 sucesso(s), 0 falha(s), 1 total
[2025-12-09 08:54:49] [INFO] SHA 1001 sincronizado: 01.jpeg (57,1 KB)
[2025-12-09 08:54:49] [INFO] Sincronização: 1 sucesso(s), 0 falha(s), 1 total
[2025-12-09 08:54:54] [INFO] SHA 1001 sincronizado: 01.jpeg (57,1 KB)
[2025-12-09 08:54:54] [INFO] Sincronização: 1 sucesso(s), 0 falha(s), 1 total
[2025-12-09 08:54:59] [INFO] SHA 1001 sincronizado: 01.jpeg (57,1 KB)
[2025-12-09 08:54:59] [INFO] Sincronização: 1 sucesso(s), 0 falha(s), 1 total
[2025-12-09 08:55:04] [INFO] SHA 1001 sincronizado: 01.jpeg (57,1 KB)
[2025-12-09 08:55:04] [INFO] Sincronização: 1 sucesso(s), 0 falha(s), 1 total
[2025-12-09 08:55:09] [INFO] SHA 1001 sincronizado: 01.jpeg (57,1 KB)
[2025-12-09 08:55:09] [INFO] Sincronização: 1 sucesso(s), 0 falha(s), 1 total
[2025-12-09 08:55:14] [INFO] SHA 1001 sincronizado: 01.jpeg (57,1 KB)
[2025-12-09 08:55:14] [INFO] Sincronização: 1 sucesso(s), 0 falha(s), 1 total
[2025-12-09 08:55:19] [INFO] SHA 1001 sincronizado: 01.jpeg (57,1 KB)
[2025-12-09 08:55:19] [INFO] Sincronização: 1 sucesso(s), 0 falha(s), 1 total
[2025-12-09 08:55:24] [INFO] SHA 1001 sincronizado: 01.jpeg (57,1 KB)
[2025-12-09 08:55:24] [INFO] Sincronização: 1 sucesso(s), 0 falha(s), 1 total
[2025-12-09 08:55:29] [INFO] SHA 1001 sincronizado: 01.jpeg (57,1 KB)
[2025-12-09 08:55:29] [INFO] Sincronização: 1 sucesso(s), 0 falha(s), 1 total
[2025-12-09 08:55:34] [INFO] SHA 1001 sincronizado: 01.jpeg (57,1 KB)
[2025-12-09 08:55:34] [INFO] Sincronização: 1 sucesso(s), 0 falha(s), 1 total
[2025-12-09 08:55:39] [INFO] SHA 1001 sincronizado: 01.jpeg (57,1 KB)
[2025-12-09 08:55:39] [INFO] Sincronização: 1 sucesso(s), 0 falha(s), 1 total
[2025-12-09 08:55:44] [INFO] SHA 1001 sincronizado: 01.jpeg (57,1 KB)
[2025-12-09 08:55:44] [INFO] Sincronização: 1 sucesso(s), 0 falha(s), 1 total
[2025-12-09 08:55:49] [INFO] SHA 1001 sincronizado: 01.jpeg (57,1 KB)
[2025-12-09 08:55:49] [INFO] Sincronização: 1 sucesso(s), 0 falha(s), 1 total
[2025-12-09 08:55:54] [INFO] SHA 1001 sincronizado: 01.jpeg (57,1 KB)
[2025-12-09 08:55:54] [INFO] Sincronização: 1 sucesso(s), 0 falha(s), 1 total
[2025-12-09 08:55:59] [INFO] SHA 1001 sincronizado: 01.jpeg (57,1 KB)
[2025-12-09 08:55:59] [INFO] Sincronização: 1 sucesso(s), 0 falha(s), 1 total
[2025-12-09 08:56:04] [INFO] SHA 1001 sincronizado: 01.jpeg (57,1 KB)
[2025-12-09 08:56:04] [INFO] Sincronização: 1 sucesso(s), 0 falha(s), 1 total
[2025-12-09 08:56:09] [INFO] SHA 1001 sincronizado: 01.jpeg (57,1 KB)
[2025-12-09 08:56:09] [INFO] Sincronização: 1 sucesso(s), 0 falha(s), 1 total
[2025-12-09 08:56:14] [INFO] SHA 1001 sincronizado: 01.jpeg (57,1 KB)
[2025-12-09 08:56:14] [INFO] Sincronização: 1 sucesso(s), 0 falha(s), 1 total
[2025-12-09 08:56:19] [INFO] SHA 1001 sincronizado: 01.jpeg (57,1 KB)
[2025-12-09 08:56:19] [INFO] Sincronização: 1 sucesso(s), 0 falha(s), 1 total
[2025-12-09 08:56:24] [INFO] SHA 1001 sincronizado: 01.jpeg (57,1 KB)
[2025-12-09 08:56:24] [INFO] Sincronização: 1 sucesso(s), 0 falha(s), 1 total
[2025-12-09 08:56:29] [INFO] SHA 1001 sincronizado: 01.jpeg (57,1 KB)
[2025-12-09 08:56:29] [INFO] Sincronização: 1 sucesso(s), 0 falha(s), 1 total
[2025-12-09 08:56:34] [INFO] SHA 1001 sincronizado: 01.jpeg (57,1 KB)
[2025-12-09 08:56:34] [INFO] Sincronização: 1 sucesso(s), 0 falha(s), 1 total
[2025-12-09 08:56:39] [INFO] SHA 1001 sincronizado: 01.jpeg (57,1 KB)
[2025-12-09 08:56:39] [INFO] Sincronização: 1 sucesso(s), 0 falha(s), 1 total
[2025-12-09 08:56:44] [INFO] SHA 1001 sincronizado: 01.jpeg (57,1 KB)
[2025-12-09 08:56:44] [INFO] Sincronização: 1 sucesso(s), 0 falha(s), 1 total
[2025-12-09 08:56:49] [INFO] SHA 1001 sincronizado: 01.jpeg (57,1 KB)
[2025-12-09 08:56:49] [INFO] Sincronização: 1 sucesso(s), 0 falha(s), 1 total
[2025-12-09 08:56:54] [INFO] SHA 1001 sincronizado: 01.jpeg (57,1 KB)
[2025-12-09 08:56:54] [INFO] Sincronização: 1 sucesso(s), 0 falha(s), 1 total
[2025-12-09 08:56:59] [INFO] SHA 1001 sincronizado: 01.jpeg (57,1 KB)
[2025-12-09 08:56:59] [INFO] Sincronização: 1 sucesso(s), 0 falha(s), 1 total
[2025-12-09 08:57:04] [INFO] SHA 1001 sincronizado: 01.jpeg (57,1 KB)
[2025-12-09 08:57:04] [INFO] Sincronização: 1 sucesso(s), 0 falha(s), 1 total
[2025-12-09 08:57:09] [INFO] SHA 1001 sincronizado: 01.jpeg (57,1 KB)
[2025-12-09 08:57:09] [INFO] Sincronização: 1 sucesso(s), 0 falha(s), 1 total
[2025-12-09 08:57:14] [INFO] SHA 1001 sincronizado: 01.jpeg (57,1 KB)
[2025-12-09 08:57:14] [INFO] Sincronização: 1 sucesso(s), 0 falha(s), 1 total
[2025-12-09 08:57:19] [INFO] SHA 1001 sincronizado: 01.jpeg (57,1 KB)
[2025-12-09 08:57:19] [INFO] Sincronização: 1 sucesso(s), 0 falha(s), 1 total
[2025-12-09 08:57:24] [INFO] SHA 1001 sincronizado: 01.jpeg (57,1 KB)
[2025-12-09 08:57:24] [INFO] Sincronização: 1 sucesso(s), 0 falha(s), 1 total
[2025-12-09 08:57:29] [INFO] SHA 1001 sincronizado: 01.jpeg (57,1 KB)
[2025-12-09 08:57:29] [INFO] Sincronização: 1 sucesso(s), 0 falha(s), 1 total
[2025-12-09 08:57:34] [INFO] SHA 1001 sincronizado: 01.jpeg (57,1 KB)
[2025-12-09 08:57:34] [INFO] Sincronização: 1 sucesso(s), 0 falha(s), 1 total
[2025-12-09 08:57:39] [INFO] SHA 1001 sincronizado: 01.jpeg (57,1 KB)
[2025-12-09 08:57:39] [INFO] Sincronização: 1 sucesso(s), 0 falha(s), 1 total
[2025-12-09 08:57:44] [INFO] SHA 1001 sincronizado: 01.jpeg (57,1 KB)
[2025-12-09 08:57:44] [INFO] Sincronização: 1 sucesso(s), 0 falha(s), 1 total
[2025-12-09 08:57:49] [INFO] SHA 1001 sincronizado: 01.jpeg (57,1 KB)
[2025-12-09 08:57:49] [INFO] Sincronização: 1 sucesso(s), 0 falha(s), 1 total
[2025-12-09 08:57:54] [INFO] SHA 1001 sincronizado: 01.jpeg (57,1 KB)
[2025-12-09 08:57:54] [INFO] Sincronização: 1 sucesso(s), 0 falha(s), 1 total
[2025-12-09 08:57:59] [INFO] SHA 1001 sincronizado: 01.jpeg (57,1 KB)
[2025-12-09 08:57:59] [INFO] Sincronização: 1 sucesso(s), 0 falha(s), 1 total
[2025-12-09 08:58:04] [INFO] SHA 1001 sincronizado: 01.jpeg (57,1 KB)
[2025-12-09 08:58:04] [INFO] Sincronização: 1 sucesso(s), 0 falha(s), 1 total
[2025-12-09 08:58:09] [INFO] SHA 1001 sincronizado: 01.jpeg (57,1 KB)
[2025-12-09 08:58:09] [INFO] Sincronização: 1 sucesso(s), 0 falha(s), 1 total
[2025-12-09 08:58:14] [INFO] SHA 1001 sincronizado: 01.jpeg (57,1 KB)
[2025-12-09 08:58:14] [INFO] Sincronização: 1 sucesso(s), 0 falha(s), 1 total
[2025-12-09 08:58:19] [INFO] SHA 1001 sincronizado: 01.jpeg (57,1 KB)
[2025-12-09 08:58:19] [INFO] Sincronização: 1 sucesso(s), 0 falha(s), 1 total
[2025-12-09 08:58:24] [INFO] SHA 1001 sincronizado: 01.jpeg (57,1 KB)
[2025-12-09 08:58:24] [INFO] Sincronização: 1 sucesso(s), 0 falha(s), 1 total
[2025-12-09 08:58:29] [INFO] SHA 1001 sincronizado: 01.jpeg (57,1 KB)
[2025-12-09 08:58:29] [INFO] Sincronização: 1 sucesso(s), 0 falha(s), 1 total
[2025-12-09 08:58:34] [INFO] SHA 1001 sincronizado: 01.jpeg (57,1 KB)
[2025-12-09 08:58:34] [INFO] Sincronização: 1 sucesso(s), 0 falha(s), 1 total
[2025-12-09 08:58:39] [INFO] SHA 1001 sincronizado: 01.jpeg (57,1 KB)
[2025-12-09 08:58:39] [INFO] Sincronização: 1 sucesso(s), 0 falha(s), 1 total
[2025-12-09 08:58:44] [INFO] SHA 1001 sincronizado: 01.jpeg (57,1 KB)
[2025-12-09 08:58:44] [INFO] Sincronização: 1 sucesso(s), 0 falha(s), 1 total
[2025-12-09 08:58:49] [INFO] SHA 1001 sincronizado: 01.jpeg (57,1 KB)
[2025-12-09 08:58:49] [INFO] Sincronização: 1 sucesso(s), 0 falha(s), 1 total
[2025-12-09 08:58:54] [INFO] SHA 1001 sincronizado: 01.jpeg (57,1 KB)
[2025-12-09 08:58:54] [INFO] Sincronização: 1 sucesso(s), 0 falha(s), 1 total
[2025-12-09 08:58:59] [INFO] SHA 1001 sincronizado: 01.jpeg (57,1 KB)
[2025-12-09 08:58:59] [INFO] Sincronização: 1 sucesso(s), 0 falha(s), 1 total
[2025-12-09 08:59:04] [INFO] SHA 1001 sincronizado: 01.jpeg (57,1 KB)
[2025-12-09 08:59:04] [INFO] Sincronização: 1 sucesso(s), 0 falha(s), 1 total
[2025-12-09 08:59:09] [INFO] SHA 1001 sincronizado: 01.jpeg (57,1 KB)
[2025-12-09 08:59:09] [INFO] Sincronização: 1 sucesso(s), 0 falha(s), 1 total
[2025-12-09 08:59:14] [INFO] SHA 1001 sincronizado: 01.jpeg (57,1 KB)
[2025-12-09 08:59:14] [INFO] Sincronização: 1 sucesso(s), 0 falha(s), 1 total
[2025-12-09 08:59:19] [INFO] SHA 1001 sincronizado: 01.jpeg (57,1 KB)
[2025-12-09 08:59:19] [INFO] Sincronização: 1 sucesso(s), 0 falha(s), 1 total
[2025-12-09 08:59:24] [INFO] SHA 1001 sincronizado: 01.jpeg (57,1 KB)
[2025-12-09 08:59:24] [INFO] Sincronização: 1 sucesso(s), 0 falha(s), 1 total
[2025-12-09 08:59:29] [INFO] SHA 1001 sincronizado: 01.jpeg (57,1 KB)
[2025-12-09 08:59:29] [INFO] Sincronização: 1 sucesso(s), 0 falha(s), 1 total
[2025-12-09 08:59:34] [INFO] SHA 1001 sincronizado: 01.jpeg (57,1 KB)
[2025-12-09 08:59:34] [INFO] Sincronização: 1 sucesso(s), 0 falha(s), 1 total
[2025-12-09 08:59:39] [INFO] SHA 1001 sincronizado: 01.jpeg (57,1 KB)
[2025-12-09 08:59:39] [INFO] Sincronização: 1 sucesso(s), 0 falha(s), 1 total
[2025-12-09 08:59:44] [INFO] SHA 1001 sincronizado: 01.jpeg (57,1 KB)
[2025-12-09 08:59:44] [INFO] Sincronização: 1 sucesso(s), 0 falha(s), 1 total
[2025-12-09 08:59:49] [INFO] SHA 1001 sincronizado: 01.jpeg (57,1 KB)
[2025-12-09 08:59:49] [INFO] Sincronização: 1 sucesso(s), 0 falha(s), 1 total
[2025-12-09 08:59:54] [INFO] SHA 1001 sincronizado: 01.jpeg (57,1 KB)
[2025-12-09 08:59:54] [INFO] Sincronização: 1 sucesso(s), 0 falha(s), 1 total
[2025-12-09 08:59:59] [INFO] SHA 1001 sincronizado: 01.jpeg (57,1 KB)
[2025-12-09 08:59:59] [INFO] Sincronização: 1 sucesso(s), 0 falha(s), 1 total
[2025-12-09 09:00:04] [INFO] SHA 1001 sincronizado: 01.jpeg (57,1 KB)
[2025-12-09 09:00:04] [INFO] Sincronização: 1 sucesso(s), 0 falha(s), 1 total
[2025-12-09 09:00:09] [INFO] SHA 1001 sincronizado: 01.jpeg (57,1 KB)
[2025-12-09 09:00:09] [INFO] Sincronização: 1 sucesso(s), 0 falha(s), 1 total
[2025-12-09 09:00:14] [INFO] SHA 1001 sincronizado: 01.jpeg (57,1 KB)
[2025-12-09 09:00:14] [INFO] Sincronização: 1 sucesso(s), 0 falha(s), 1 total
[2025-12-09 09:00:19] [INFO] SHA 1001 sincronizado: 01.jpeg (57,1 KB)
[2025-12-09 09:00:19] [INFO] Sincronização: 1 sucesso(s), 0 falha(s), 1 total
[2025-12-09 09:00:24] [INFO] SHA 1001 sincronizado: 01.jpeg (57,1 KB)
[2025-12-09 09:00:24] [INFO] Sincronização: 1 sucesso(s), 0 falha(s), 1 total
[2025-12-09 09:00:29] [INFO] SHA 1001 sincronizado: 01.jpeg (57,1 KB)
[2025-12-09 09:00:29] [INFO] Sincronização: 1 sucesso(s), 0 falha(s), 1 total
[2025-12-09 09:00:34] [INFO] SHA 1001 sincronizado: 01.jpeg (57,1 KB)
[2025-12-09 09:00:34] [INFO] Sincronização: 1 sucesso(s), 0 falha(s), 1 total
[2025-12-09 09:00:39] [INFO] SHA 1001 sincronizado: 01.jpeg (57,1 KB)
[2025-12-09 09:00:39] [INFO] Sincronização: 1 sucesso(s), 0 falha(s), 1 total
[2025-12-09 09:00:44] [INFO] SHA 1001 sincronizado: 01.jpeg (57,1 KB)
[2025-12-09 09:00:44] [INFO] Sincronização: 1 sucesso(s), 0 falha(s), 1 total
[2025-12-09 09:00:49] [INFO] SHA 1001 sincronizado: 01.jpeg (57,1 KB)
[2025-12-09 09:00:49] [INFO] Sincronização: 1 sucesso(s), 0 falha(s), 1 total
[2025-12-09 09:00:54] [INFO] SHA 1001 sincronizado: 01.jpeg (57,1 KB)
[2025-12-09 09:00:54] [INFO] Sincronização: 1 sucesso(s), 0 falha(s), 1 total
[2025-12-09 09:00:59] [INFO] SHA 1001 sincronizado: 01.jpeg (57,1 KB)
[2025-12-09 09:00:59] [INFO] Sincronização: 1 sucesso(s), 0 falha(s), 1 total
[2025-12-09 09:01:04] [INFO] SHA 1001 sincronizado: 01.jpeg (57,1 KB)
[2025-12-09 09:01:04] [INFO] Sincronização: 1 sucesso(s), 0 falha(s), 1 total
[2025-12-09 09:01:09] [INFO] SHA 1001 sincronizado: 01.jpeg (57,1 KB)
[2025-12-09 09:01:09] [INFO] Sincronização: 1 sucesso(s), 0 falha(s), 1 total
[2025-12-09 09:01:14] [INFO] SHA 1001 sincronizado: 01.jpeg (57,1 KB)
[2025-12-09 09:01:14] [INFO] Sincronização: 1 sucesso(s), 0 falha(s), 1 total
[2025-12-09 09:01:19] [INFO] SHA 1001 sincronizado: 01.jpeg (57,1 KB)
[2025-12-09 09:01:19] [INFO] Sincronização: 1 sucesso(s), 0 falha(s), 1 total
[2025-12-09 09:01:22] [INFO] Sincronização automática parada
[2025-12-09 09:22:30] [INFO] ═══════════════════════════════════════════════
[2025-12-09 09:22:30] [INFO] Iniciando Painel de Monitoramento de Hidrômetros
[2025-12-09 09:22:30] [INFO] ═══════════════════════════════════════════════
[2025-12-09 09:22:30] [INFO] ✓ Subsistema de Persistência inicializado
[2025-12-09 09:22:30] [INFO] ✓ Gerenciador de Usuários inicializado
[2025-12-09 09:22:30] [INFO] ✓ Gerenciador de Contas inicializado
[2025-12-09 09:22:30] [INFO] ✓ Monitor de Consumo inicializado (Bridge com LeitorOCRImpl)
[2025-12-09 09:22:30] [INFO] ✓ Gerenciador de Notificações inicializado
[2025-12-09 09:22:30] [INFO] ✓ Sistema de Alertas inicializado e registrado como Observer
[2025-12-09 09:22:30] [INFO] ✓ Gerenciador de Comandos inicializado
[2025-12-09 09:22:30] [INFO] ═══════════════════════════════════════════════
[2025-12-09 09:22:30] [INFO] Sistema PAiNEL SHA iniciado com sucesso!
[2025-12-09 09:22:30] [INFO] ═══════════════════════════════════════════════
[2025-12-09 09:22:30] [INFO] Simulador adicionado: SHA 1001 -> /home/pedro/IdeaProjects/SimuladorHidrometro
[2025-12-09 09:22:30] [INFO] Configuração carregada de arquivo: 1 simulador(es)
[2025-12-09 09:22:30] [INFO] Sincronização automática iniciada: 1 simulador(es), intervalo de 5s
[2025-12-09 09:22:30] [INFO] SHA 1001 sincronizado: 01.jpeg (57,1 KB)
[2025-12-09 09:22:30] [INFO] Sincronização: 1 sucesso(s), 0 falha(s), 1 total
[2025-12-09 09:22:35] [INFO] SHA 1001 sincronizado: 01.jpeg (57,1 KB)
[2025-12-09 09:22:35] [INFO] Sincronização: 1 sucesso(s), 0 falha(s), 1 total
[2025-12-09 09:22:40] [INFO] SHA 1001 sincronizado: 01.jpeg (57,1 KB)
[2025-12-09 09:22:40] [INFO] Sincronização: 1 sucesso(s), 0 falha(s), 1 total
[2025-12-09 09:22:45] [INFO] SHA 1001 sincronizado: 01.jpeg (57,1 KB)
[2025-12-09 09:22:45] [INFO] Sincronização: 1 sucesso(s), 0 falha(s), 1 total
[2025-12-09 09:22:50] [INFO] SHA 1001 sincronizado: 01.jpeg (57,1 KB)
[2025-12-09 09:22:50] [INFO] Sincronização: 1 sucesso(s), 0 falha(s), 1 total
[2025-12-09 09:22:55] [INFO] SHA 1001 sincronizado: 01.jpeg (57,1 KB)
[2025-12-09 09:22:55] [INFO] Sincronização: 1 sucesso(s), 0 falha(s), 1 total
[2025-12-09 09:23:00] [INFO] SHA 1001 sincronizado: 01.jpeg (57,1 KB)
[2025-12-09 09:23:00] [INFO] Sincronização: 1 sucesso(s), 0 falha(s), 1 total
[2025-12-09 09:23:05] [INFO] SHA 1001 sincronizado: 01.jpeg (57,1 KB)
[2025-12-09 09:23:05] [INFO] Sincronização: 1 sucesso(s), 0 falha(s), 1 total
[2025-12-09 09:23:10] [INFO] SHA 1001 sincronizado: 01.jpeg (57,1 KB)
[2025-12-09 09:23:10] [INFO] Sincronização: 1 sucesso(s), 0 falha(s), 1 total
[2025-12-09 09:23:15] [INFO] SHA 1001 sincronizado: 01.jpeg (57,1 KB)
[2025-12-09 09:23:15] [INFO] Sincronização: 1 sucesso(s), 0 falha(s), 1 total
[2025-12-09 09:23:20] [INFO] SHA 1001 sincronizado: 01.jpeg (57,1 KB)
[2025-12-09 09:23:20] [INFO] Sincronização: 1 sucesso(s), 0 falha(s), 1 total
[2025-12-09 09:23:25] [INFO] SHA 1001 sincronizado: 01.jpeg (57,1 KB)
[2025-12-09 09:23:25] [INFO] Sincronização: 1 sucesso(s), 0 falha(s), 1 total
[2025-12-09 09:23:30] [INFO] SHA 1001 sincronizado: 01.jpeg (57,1 KB)
[2025-12-09 09:23:30] [INFO] Sincronização: 1 sucesso(s), 0 falha(s), 1 total
[2025-12-09 09:23:35] [INFO] SHA 1001 sincronizado: 01.jpeg (57,1 KB)
[2025-12-09 09:23:35] [INFO] Sincronização: 1 sucesso(s), 0 falha(s), 1 total
[2025-12-09 09:23:40] [INFO] SHA 1001 sincronizado: 01.jpeg (57,1 KB)
[2025-12-09 09:23:40] [INFO] Sincronização: 1 sucesso(s), 0 falha(s), 1 total
[2025-12-09 09:23:45] [INFO] SHA 1001 sincronizado: 01.jpeg (57,1 KB)
[2025-12-09 09:23:45] [INFO] Sincronização: 1 sucesso(s), 0 falha(s), 1 total
[2025-12-09 09:23:50] [INFO] SHA 1001 sincronizado: 01.jpeg (57,1 KB)
[2025-12-09 09:23:50] [INFO] Sincronização: 1 sucesso(s), 0 falha(s), 1 total
[2025-12-09 09:23:55] [INFO] SHA 1001 sincronizado: 01.jpeg (57,1 KB)
[2025-12-09 09:23:55] [INFO] Sincronização: 1 sucesso(s), 0 falha(s), 1 total
[2025-12-09 09:24:00] [INFO] SHA 1001 sincronizado: 01.jpeg (57,1 KB)
[2025-12-09 09:24:00] [INFO] Sincronização: 1 sucesso(s), 0 falha(s), 1 total
[2025-12-09 09:24:05] [INFO] SHA 1001 sincronizado: 01.jpeg (57,1 KB)
[2025-12-09 09:24:05] [INFO] Sincronização: 1 sucesso(s), 0 falha(s), 1 total
[2025-12-09 09:24:10] [INFO] SHA 1001 sincronizado: 01.jpeg (57,1 KB)
[2025-12-09 09:24:10] [INFO] Sincronização: 1 sucesso(s), 0 falha(s), 1 total
[2025-12-09 09:24:15] [INFO] SHA 1001 sincronizado: 01.jpeg (57,1 KB)
[2025-12-09 09:24:15] [INFO] Sincronização: 1 sucesso(s), 0 falha(s), 1 total
[2025-12-09 09:24:20] [INFO] SHA 1001 sincronizado: 01.jpeg (57,1 KB)
[2025-12-09 09:24:20] [INFO] Sincronização: 1 sucesso(s), 0 falha(s), 1 total
[2025-12-09 09:24:25] [INFO] SHA 1001 sincronizado: 01.jpeg (57,1 KB)
[2025-12-09 09:24:25] [INFO] Sincronização: 1 sucesso(s), 0 falha(s), 1 total
[2025-12-09 09:24:30] [INFO] SHA 1001 sincronizado: 01.jpeg (57,1 KB)
[2025-12-09 09:24:30] [INFO] Sincronização: 1 sucesso(s), 0 falha(s), 1 total
[2025-12-09 09:24:35] [INFO] SHA 1001 sincronizado: 01.jpeg (57,1 KB)
[2025-12-09 09:24:35] [INFO] Sincronização: 1 sucesso(s), 0 falha(s), 1 total
[2025-12-09 09:24:40] [INFO] SHA 1001 sincronizado: 01.jpeg (57,1 KB)
[2025-12-09 09:24:40] [INFO] Sincronização: 1 sucesso(s), 0 falha(s), 1 total
[2025-12-09 09:24:45] [INFO] SHA 1001 sincronizado: 01.jpeg (57,1 KB)
[2025-12-09 09:24:45] [INFO] Sincronização: 1 sucesso(s), 0 falha(s), 1 total
[2025-12-09 09:24:50] [INFO] SHA 1001 sincronizado: 01.jpeg (57,1 KB)
[2025-12-09 09:24:50] [INFO] Sincronização: 1 sucesso(s), 0 falha(s), 1 total
[2025-12-09 09:24:55] [INFO] SHA 1001 sincronizado: 01.jpeg (57,1 KB)
[2025-12-09 09:24:55] [INFO] Sincronização: 1 sucesso(s), 0 falha(s), 1 total
[2025-12-09 09:25:00] [INFO] SHA 1001 sincronizado: 01.jpeg (57,1 KB)
[2025-12-09 09:25:00] [INFO] Sincronização: 1 sucesso(s), 0 falha(s), 1 total
[2025-12-09 09:25:05] [INFO] SHA 1001 sincronizado: 01.jpeg (57,1 KB)
[2025-12-09 09:25:05] [INFO] Sincronização: 1 sucesso(s), 0 falha(s), 1 total
[2025-12-09 09:25:10] [INFO] SHA 1001 sincronizado: 01.jpeg (57,1 KB)
[2025-12-09 09:25:10] [INFO] Sincronização: 1 sucesso(s), 0 falha(s), 1 total
[2025-12-09 09:25:15] [INFO] SHA 1001 sincronizado: 01.jpeg (57,1 KB)
[2025-12-09 09:25:15] [INFO] Sincronização: 1 sucesso(s), 0 falha(s), 1 total
[2025-12-09 09:25:20] [INFO] SHA 1001 sincronizado: 01.jpeg (57,1 KB)
[2025-12-09 09:25:20] [INFO] Sincronização: 1 sucesso(s), 0 falha(s), 1 total
[2025-12-09 09:25:25] [INFO] SHA 1001 sincronizado: 01.jpeg (57,1 KB)
[2025-12-09 09:25:25] [INFO] Sincronização: 1 sucesso(s), 0 falha(s), 1 total
[2025-12-09 09:25:30] [INFO] SHA 1001 sincronizado: 01.jpeg (57,1 KB)
[2025-12-09 09:25:30] [INFO] Sincronização: 1 sucesso(s), 0 falha(s), 1 total
[2025-12-09 09:25:35] [INFO] SHA 1001 sincronizado: 01.jpeg (57,1 KB)
[2025-12-09 09:25:35] [INFO] Sincronização: 1 sucesso(s), 0 falha(s), 1 total
[2025-12-09 09:25:40] [INFO] SHA 1001 sincronizado: 01.jpeg (57,1 KB)
[2025-12-09 09:25:40] [INFO] Sincronização: 1 sucesso(s), 0 falha(s), 1 total
[2025-12-09 09:25:45] [INFO] SHA 1001 sincronizado: 01.jpeg (57,1 KB)
[2025-12-09 09:25:45] [INFO] Sincronização: 1 sucesso(s), 0 falha(s), 1 total
[2025-12-09 09:25:50] [INFO] SHA 1001 sincronizado: 01.jpeg (57,1 KB)
[2025-12-09 09:25:50] [INFO] Sincronização: 1 sucesso(s), 0 falha(s), 1 total
[2025-12-09 09:25:55] [INFO] SHA 1001 sincronizado: 01.jpeg (57,1 KB)
[2025-12-09 09:25:55] [INFO] Sincronização: 1 sucesso(s), 0 falha(s), 1 total
[2025-12-09 09:26:00] [INFO] SHA 1001 sincronizado: 01.jpeg (57,1 KB)
[2025-12-09 09:26:00] [INFO] Sincronização: 1 sucesso(s), 0 falha(s), 1 total
[2025-12-09 09:26:05] [INFO] SHA 1001 sincronizado: 01.jpeg (57,1 KB)
[2025-12-09 09:26:05] [INFO] Sincronização: 1 sucesso(s), 0 falha(s), 1 total
[2025-12-09 09:26:10] [INFO] SHA 1001 sincronizado: 01.jpeg (57,1 KB)
[2025-12-09 09:26:10] [INFO] Sincronização: 1 sucesso(s), 0 falha(s), 1 total
[2025-12-09 09:26:15] [INFO] SHA 1001 sincronizado: 01.jpeg (57,1 KB)
[2025-12-09 09:26:15] [INFO] Sincronização: 1 sucesso(s), 0 falha(s), 1 total
[2025-12-09 09:26:20] [INFO] SHA 1001 sincronizado: 01.jpeg (57,1 KB)
[2025-12-09 09:26:20] [INFO] Sincronização: 1 sucesso(s), 0 falha(s), 1 total
[2025-12-09 09:26:25] [INFO] SHA 1001 sincronizado: 01.jpeg (57,1 KB)
[2025-12-09 09:26:25] [INFO] Sincronização: 1 sucesso(s), 0 falha(s), 1 total
[2025-12-09 09:26:30] [INFO] SHA 1001 sincronizado: 01.jpeg (57,1 KB)
[2025-12-09 09:26:30] [INFO] Sincronização: 1 sucesso(s), 0 falha(s), 1 total
[2025-12-09 09:26:35] [INFO] SHA 1001 sincronizado: 01.jpeg (57,1 KB)
[2025-12-09 09:26:35] [INFO] Sincronização: 1 sucesso(s), 0 falha(s), 1 total
[2025-12-09 09:26:40] [INFO] SHA 1001 sincronizado: 01.jpeg (57,1 KB)
[2025-12-09 09:26:40] [INFO] Sincronização: 1 sucesso(s), 0 falha(s), 1 total
[2025-12-09 09:26:45] [INFO] SHA 1001 sincronizado: 01.jpeg (57,1 KB)
[2025-12-09 09:26:45] [INFO] Sincronização: 1 sucesso(s), 0 falha(s), 1 total
[2025-12-09 09:26:50] [INFO] SHA 1001 sincronizado: 01.jpeg (57,1 KB)
[2025-12-09 09:26:50] [INFO] Sincronização: 1 sucesso(s), 0 falha(s), 1 total
[2025-12-09 09:26:55] [INFO] SHA 1001 sincronizado: 01.jpeg (57,1 KB)
[2025-12-09 09:26:55] [INFO] Sincronização: 1 sucesso(s), 0 falha(s), 1 total
[2025-12-09 09:27:00] [INFO] SHA 1001 sincronizado: 01.jpeg (57,1 KB)
[2025-12-09 09:27:00] [INFO] Sincronização: 1 sucesso(s), 0 falha(s), 1 total
[2025-12-09 09:27:05] [INFO] SHA 1001 sincronizado: 01.jpeg (57,1 KB)
[2025-12-09 09:27:05] [INFO] Sincronização: 1 sucesso(s), 0 falha(s), 1 total
[2025-12-09 09:27:10] [INFO] SHA 1001 sincronizado: 01.jpeg (57,1 KB)
[2025-12-09 09:27:10] [INFO] Sincronização: 1 sucesso(s), 0 falha(s), 1 total
[2025-12-09 09:27:15] [INFO] SHA 1001 sincronizado: 01.jpeg (57,1 KB)
[2025-12-09 09:27:15] [INFO] Sincronização: 1 sucesso(s), 0 falha(s), 1 total
[2025-12-09 09:27:20] [INFO] SHA 1001 sincronizado: 01.jpeg (57,1 KB)
[2025-12-09 09:27:20] [INFO] Sincronização: 1 sucesso(s), 0 falha(s), 1 total
[2025-12-09 09:27:25] [INFO] SHA 1001 sincronizado: 01.jpeg (57,1 KB)
[2025-12-09 09:27:25] [INFO] Sincronização: 1 sucesso(s), 0 falha(s), 1 total
[2025-12-09 09:27:30] [INFO] SHA 1001 sincronizado: 01.jpeg (57,1 KB)
[2025-12-09 09:27:30] [INFO] Sincronização: 1 sucesso(s), 0 falha(s), 1 total
[2025-12-09 09:27:35] [INFO] SHA 1001 sincronizado: 01.jpeg (57,1 KB)
[2025-12-09 09:27:35] [INFO] Sincronização: 1 sucesso(s), 0 falha(s), 1 total
[2025-12-09 09:27:40] [INFO] SHA 1001 sincronizado: 01.jpeg (57,1 KB)
[2025-12-09 09:27:40] [INFO] Sincronização: 1 sucesso(s), 0 falha(s), 1 total
[2025-12-09 09:27:45] [INFO] SHA 1001 sincronizado: 01.jpeg (57,1 KB)
[2025-12-09 09:27:45] [INFO] Sincronização: 1 sucesso(s), 0 falha(s), 1 total
[2025-12-09 09:27:50] [INFO] SHA 1001 sincronizado: 01.jpeg (57,1 KB)
[2025-12-09 09:27:50] [INFO] Sincronização: 1 sucesso(s), 0 falha(s), 1 total
[2025-12-09 09:27:55] [INFO] SHA 1001 sincronizado: 01.jpeg (57,1 KB)
[2025-12-09 09:27:55] [INFO] Sincronização: 1 sucesso(s), 0 falha(s), 1 total
[2025-12-09 09:28:00] [INFO] SHA 1001 sincronizado: 01.jpeg (57,1 KB)
[2025-12-09 09:28:00] [INFO] Sincronização: 1 sucesso(s), 0 falha(s), 1 total
[2025-12-09 09:28:05] [INFO] SHA 1001 sincronizado: 01.jpeg (57,1 KB)
[2025-12-09 09:28:05] [INFO] Sincronização: 1 sucesso(s), 0 falha(s), 1 total
[2025-12-09 09:28:10] [INFO] SHA 1001 sincronizado: 01.jpeg (57,1 KB)
[2025-12-09 09:28:10] [INFO] Sincronização: 1 sucesso(s), 0 falha(s), 1 total
[2025-12-09 09:28:15] [INFO] SHA 1001 sincronizado: 01.jpeg (57,1 KB)
[2025-12-09 09:28:15] [INFO] Sincronização: 1 sucesso(s), 0 falha(s), 1 total
[2025-12-09 09:28:20] [INFO] SHA 1001 sincronizado: 01.jpeg (57,1 KB)
[2025-12-09 09:28:20] [INFO] Sincronização: 1 sucesso(s), 0 falha(s), 1 total
[2025-12-09 09:28:25] [INFO] SHA 1001 sincronizado: 01.jpeg (57,1 KB)
[2025-12-09 09:28:25] [INFO] Sincronização: 1 sucesso(s), 0 falha(s), 1 total
[2025-12-09 09:28:30] [INFO] SHA 1001 sincronizado: 01.jpeg (57,1 KB)
[2025-12-09 09:28:30] [INFO] Sincronização: 1 sucesso(s), 0 falha(s), 1 total
[2025-12-09 09:28:35] [INFO] SHA 1001 sincronizado: 01.jpeg (57,1 KB)
[2025-12-09 09:28:35] [INFO] Sincronização: 1 sucesso(s), 0 falha(s), 1 total
[2025-12-09 09:28:40] [INFO] SHA 1001 sincronizado: 01.jpeg (57,1 KB)
[2025-12-09 09:28:40] [INFO] Sincronização: 1 sucesso(s), 0 falha(s), 1 total
[2025-12-09 09:28:45] [INFO] SHA 1001 sincronizado: 01.jpeg (57,1 KB)
[2025-12-09 09:28:45] [INFO] Sincronização: 1 sucesso(s), 0 falha(s), 1 total
[2025-12-09 09:28:50] [INFO] SHA 1001 sincronizado: 01.jpeg (57,1 KB)
[2025-12-09 09:28:50] [INFO] Sincronização: 1 sucesso(s), 0 falha(s), 1 total
[2025-12-09 09:28:55] [INFO] SHA 1001 sincronizado: 01.jpeg (57,1 KB)
[2025-12-09 09:28:55] [INFO] Sincronização: 1 sucesso(s), 0 falha(s), 1 total
[2025-12-09 09:29:00] [INFO] SHA 1001 sincronizado: 01.jpeg (57,1 KB)
[2025-12-09 09:29:00] [INFO] Sincronização: 1 sucesso(s), 0 falha(s), 1 total
[2025-12-09 09:29:05] [INFO] SHA 1001 sincronizado: 01.jpeg (57,1 KB)
[2025-12-09 09:29:05] [INFO] Sincronização: 1 sucesso(s), 0 falha(s), 1 total
[2025-12-09 09:29:10] [INFO] SHA 1001 sincronizado: 01.jpeg (57,1 KB)
[2025-12-09 09:29:10] [INFO] Sincronização: 1 sucesso(s), 0 falha(s), 1 total
[2025-12-09 09:29:15] [INFO] SHA 1001 sincronizado: 01.jpeg (57,1 KB)
[2025-12-09 09:29:15] [INFO] Sincronização: 1 sucesso(s), 0 falha(s), 1 total
[2025-12-09 09:29:20] [INFO] SHA 1001 sincronizado: 01.jpeg (57,1 KB)
[2025-12-09 09:29:20] [INFO] Sincronização: 1 sucesso(s), 0 falha(s), 1 total
[2025-12-09 09:29:25] [INFO] SHA 1001 sincronizado: 01.jpeg (57,1 KB)
[2025-12-09 09:29:25] [INFO] Sincronização: 1 sucesso(s), 0 falha(s), 1 total
[2025-12-09 09:29:30] [INFO] SHA 1001 sincronizado: 01.jpeg (57,1 KB)
[2025-12-09 09:29:30] [INFO] Sincronização: 1 sucesso(s), 0 falha(s), 1 total
[2025-12-09 09:29:35] [INFO] SHA 1001 sincronizado: 01.jpeg (57,1 KB)
[2025-12-09 09:29:35] [INFO] Sincronização: 1 sucesso(s), 0 falha(s), 1 total
[2025-12-09 09:29:40] [INFO] SHA 1001 sincronizado: 01.jpeg (57,1 KB)
[2025-12-09 09:29:40] [INFO] Sincronização: 1 sucesso(s), 0 falha(s), 1 total
[2025-12-09 09:29:45] [INFO] SHA 1001 sincronizado: 01.jpeg (57,1 KB)
[2025-12-09 09:29:45] [INFO] Sincronização: 1 sucesso(s), 0 falha(s), 1 total
[2025-12-09 09:29:50] [INFO] SHA 1001 sincronizado: 01.jpeg (57,1 KB)
[2025-12-09 09:29:50] [INFO] Sincronização: 1 sucesso(s), 0 falha(s), 1 total
[2025-12-09 09:29:55] [INFO] SHA 1001 sincronizado: 01.jpeg (57,1 KB)
[2025-12-09 09:29:55] [INFO] Sincronização: 1 sucesso(s), 0 falha(s), 1 total
[2025-12-09 09:30:00] [INFO] SHA 1001 sincronizado: 01.jpeg (57,1 KB)
[2025-12-09 09:30:00] [INFO] Sincronização: 1 sucesso(s), 0 falha(s), 1 total
[2025-12-09 09:30:05] [INFO] SHA 1001 sincronizado: 01.jpeg (57,1 KB)
[2025-12-09 09:30:05] [INFO] Sincronização: 1 sucesso(s), 0 falha(s), 1 total
[2025-12-09 09:30:10] [INFO] SHA 1001 sincronizado: 01.jpeg (57,1 KB)
[2025-12-09 09:30:10] [INFO] Sincronização: 1 sucesso(s), 0 falha(s), 1 total
[2025-12-09 09:30:15] [INFO] SHA 1001 sincronizado: 01.jpeg (57,1 KB)
[2025-12-09 09:30:15] [INFO] Sincronização: 1 sucesso(s), 0 falha(s), 1 total
[2025-12-09 09:30:20] [INFO] SHA 1001 sincronizado: 01.jpeg (57,1 KB)
[2025-12-09 09:30:20] [INFO] Sincronização: 1 sucesso(s), 0 falha(s), 1 total
[2025-12-09 09:30:25] [INFO] SHA 1001 sincronizado: 01.jpeg (57,1 KB)
[2025-12-09 09:30:25] [INFO] Sincronização: 1 sucesso(s), 0 falha(s), 1 total
[2025-12-09 09:30:30] [INFO] SHA 1001 sincronizado: 01.jpeg (57,1 KB)
[2025-12-09 09:30:30] [INFO] Sincronização: 1 sucesso(s), 0 falha(s), 1 total
[2025-12-09 09:30:35] [INFO] SHA 1001 sincronizado: 01.jpeg (57,1 KB)
[2025-12-09 09:30:35] [INFO] Sincronização: 1 sucesso(s), 0 falha(s), 1 total
[2025-12-09 09:30:40] [INFO] SHA 1001 sincronizado: 01.jpeg (57,1 KB)
[2025-12-09 09:30:40] [INFO] Sincronização: 1 sucesso(s), 0 falha(s), 1 total
[2025-12-09 09:30:45] [INFO] SHA 1001 sincronizado: 01.jpeg (57,1 KB)
[2025-12-09 09:30:45] [INFO] Sincronização: 1 sucesso(s), 0 falha(s), 1 total
[2025-12-09 09:30:50] [INFO] SHA 1001 sincronizado: 01.jpeg (57,1 KB)
[2025-12-09 09:30:50] [INFO] Sincronização: 1 sucesso(s), 0 falha(s), 1 total
[2025-12-09 09:30:55] [INFO] SHA 1001 sincronizado: 01.jpeg (57,1 KB)
[2025-12-09 09:30:55] [INFO] Sincronização: 1 sucesso(s), 0 falha(s), 1 total
[2025-12-09 09:31:00] [INFO] SHA 1001 sincronizado: 01.jpeg (57,1 KB)
[2025-12-09 09:31:00] [INFO] Sincronização: 1 sucesso(s), 0 falha(s), 1 total
[2025-12-09 09:31:05] [INFO] SHA 1001 sincronizado: 01.jpeg (57,1 KB)
[2025-12-09 09:31:05] [INFO] Sincronização: 1 sucesso(s), 0 falha(s), 1 total
[2025-12-09 09:31:10] [INFO] SHA 1001 sincronizado: 01.jpeg (57,1 KB)
[2025-12-09 09:31:10] [INFO] Sincronização: 1 sucesso(s), 0 falha(s), 1 total
[2025-12-09 09:31:15] [INFO] SHA 1001 sincronizado: 01.jpeg (57,1 KB)
[2025-12-09 09:31:15] [INFO] Sincronização: 1 sucesso(s), 0 falha(s), 1 total
[2025-12-09 09:31:20] [INFO] SHA 1001 sincronizado: 01.jpeg (57,1 KB)
[2025-12-09 09:31:20] [INFO] Sincronização: 1 sucesso(s), 0 falha(s), 1 total
[2025-12-09 09:31:25] [INFO] SHA 1001 sincronizado: 01.jpeg (57,1 KB)
[2025-12-09 09:31:25] [INFO] Sincronização: 1 sucesso(s), 0 falha(s), 1 total
[2025-12-09 09:31:30] [INFO] SHA 1001 sincronizado: 01.jpeg (57,1 KB)
[2025-12-09 09:31:30] [INFO] Sincronização: 1 sucesso(s), 0 falha(s), 1 total
[2025-12-09 09:31:35] [INFO] SHA 1001 sincronizado: 01.jpeg (57,1 KB)
[2025-12-09 09:31:35] [INFO] Sincronização: 1 sucesso(s), 0 falha(s), 1 total
[2025-12-09 09:31:40] [INFO] SHA 1001 sincronizado: 01.jpeg (57,1 KB)
[2025-12-09 09:31:40] [INFO] Sincronização: 1 sucesso(s), 0 falha(s), 1 total
[2025-12-09 09:31:45] [INFO] SHA 1001 sincronizado: 01.jpeg (57,1 KB)
[2025-12-09 09:31:45] [INFO] Sincronização: 1 sucesso(s), 0 falha(s), 1 total
[2025-12-09 09:31:50] [INFO] SHA 1001 sincronizado: 01.jpeg (57,1 KB)
[2025-12-09 09:31:50] [INFO] Sincronização: 1 sucesso(s), 0 falha(s), 1 total
[2025-12-09 09:31:55] [INFO] SHA 1001 sincronizado: 01.jpeg (57,1 KB)
[2025-12-09 09:31:55] [INFO] Sincronização: 1 sucesso(s), 0 falha(s), 1 total
[2025-12-09 09:32:00] [INFO] SHA 1001 sincronizado: 01.jpeg (57,1 KB)
[2025-12-09 09:32:00] [INFO] Sincronização: 1 sucesso(s), 0 falha(s), 1 total
[2025-12-09 09:32:05] [INFO] SHA 1001 sincronizado: 01.jpeg (57,1 KB)
[2025-12-09 09:32:05] [INFO] Sincronização: 1 sucesso(s), 0 falha(s), 1 total
[2025-12-09 09:32:10] [INFO] SHA 1001 sincronizado: 01.jpeg (57,1 KB)
[2025-12-09 09:32:10] [INFO] Sincronização: 1 sucesso(s), 0 falha(s), 1 total
[2025-12-09 09:32:15] [INFO] SHA 1001 sincronizado: 01.jpeg (57,1 KB)
[2025-12-09 09:32:15] [INFO] Sincronização: 1 sucesso(s), 0 falha(s), 1 total
[2025-12-09 09:32:20] [INFO] SHA 1001 sincronizado: 01.jpeg (57,1 KB)
[2025-12-09 09:32:20] [INFO] Sincronização: 1 sucesso(s), 0 falha(s), 1 total
[2025-12-09 09:32:25] [INFO] SHA 1001 sincronizado: 01.jpeg (57,1 KB)
[2025-12-09 09:32:25] [INFO] Sincronização: 1 sucesso(s), 0 falha(s), 1 total
[2025-12-09 09:32:30] [INFO] SHA 1001 sincronizado: 01.jpeg (57,1 KB)
[2025-12-09 09:32:30] [INFO] Sincronização: 1 sucesso(s), 0 falha(s), 1 total
[2025-12-09 09:32:35] [INFO] SHA 1001 sincronizado: 01.jpeg (57,1 KB)
[2025-12-09 09:32:35] [INFO] Sincronização: 1 sucesso(s), 0 falha(s), 1 total
[2025-12-09 09:32:40] [INFO] SHA 1001 sincronizado: 01.jpeg (57,1 KB)
[2025-12-09 09:32:40] [INFO] Sincronização: 1 sucesso(s), 0 falha(s), 1 total
[2025-12-09 09:32:45] [INFO] SHA 1001 sincronizado: 01.jpeg (57,1 KB)
[2025-12-09 09:32:45] [INFO] Sincronização: 1 sucesso(s), 0 falha(s), 1 total
[2025-12-09 09:32:50] [INFO] SHA 1001 sincronizado: 01.jpeg (57,1 KB)
[2025-12-09 09:32:50] [INFO] Sincronização: 1 sucesso(s), 0 falha(s), 1 total
[2025-12-09 09:32:55] [INFO] SHA 1001 sincronizado: 01.jpeg (57,1 KB)
[2025-12-09 09:32:55] [INFO] Sincronização: 1 sucesso(s), 0 falha(s), 1 total
[2025-12-09 09:33:00] [INFO] SHA 1001 sincronizado: 01.jpeg (57,1 KB)
[2025-12-09 09:33:01] [INFO] Sincronização: 1 sucesso(s), 0 falha(s), 1 total
[2025-12-09 09:33:06] [INFO] SHA 1001 sincronizado: 01.jpeg (57,1 KB)
[2025-12-09 09:33:06] [INFO] Sincronização: 1 sucesso(s), 0 falha(s), 1 total
[2025-12-09 09:33:11] [INFO] SHA 1001 sincronizado: 01.jpeg (57,1 KB)
[2025-12-09 09:33:11] [INFO] Sincronização: 1 sucesso(s), 0 falha(s), 1 total
[2025-12-09 09:33:16] [INFO] SHA 1001 sincronizado: 01.jpeg (57,1 KB)
[2025-12-09 09:33:16] [INFO] Sincronização: 1 sucesso(s), 0 falha(s), 1 total
[2025-12-09 09:33:21] [INFO] SHA 1001 sincronizado: 01.jpeg (57,1 KB)
[2025-12-09 09:33:21] [INFO] Sincronização: 1 sucesso(s), 0 falha(s), 1 total
[2025-12-09 09:33:26] [INFO] SHA 1001 sincronizado: 01.jpeg (57,1 KB)
[2025-12-09 09:33:26] [INFO] Sincronização: 1 sucesso(s), 0 falha(s), 1 total
[2025-12-09 09:33:31] [INFO] SHA 1001 sincronizado: 01.jpeg (57,1 KB)
[2025-12-09 09:33:31] [INFO] Sincronização: 1 sucesso(s), 0 falha(s), 1 total
[2025-12-09 09:33:36] [INFO] SHA 1001 sincronizado: 01.jpeg (57,1 KB)
[2025-12-09 09:33:36] [INFO] Sincronização: 1 sucesso(s), 0 falha(s), 1 total
[2025-12-09 09:33:41] [INFO] SHA 1001 sincronizado: 01.jpeg (57,1 KB)
[2025-12-09 09:33:41] [INFO] Sincronização: 1 sucesso(s), 0 falha(s), 1 total
[2025-12-09 09:33:46] [INFO] SHA 1001 sincronizado: 01.jpeg (57,1 KB)
[2025-12-09 09:33:46] [INFO] Sincronização: 1 sucesso(s), 0 falha(s), 1 total
[2025-12-09 09:33:51] [INFO] SHA 1001 sincronizado: 01.jpeg (57,1 KB)
[2025-12-09 09:33:51] [INFO] Sincronização: 1 sucesso(s), 0 falha(s), 1 total
[2025-12-09 09:33:56] [INFO] SHA 1001 sincronizado: 01.jpeg (57,1 KB)
[2025-12-09 09:33:56] [INFO] Sincronização: 1 sucesso(s), 0 falha(s), 1 total
[2025-12-09 09:34:01] [INFO] SHA 1001 sincronizado: 01.jpeg (57,1 KB)
[2025-12-09 09:34:01] [INFO] Sincronização: 1 sucesso(s), 0 falha(s), 1 total
[2025-12-09 09:34:06] [INFO] SHA 1001 sincronizado: 01.jpeg (57,1 KB)
[2025-12-09 09:34:06] [INFO] Sincronização: 1 sucesso(s), 0 falha(s), 1 total
[2025-12-09 09:34:11] [INFO] SHA 1001 sincronizado: 01.jpeg (57,1 KB)
[2025-12-09 09:34:11] [INFO] Sincronização: 1 sucesso(s), 0 falha(s), 1 total
[2025-12-09 09:34:16] [INFO] SHA 1001 sincronizado: 01.jpeg (57,1 KB)
[2025-12-09 09:34:16] [INFO] Sincronização: 1 sucesso(s), 0 falha(s), 1 total
[2025-12-09 09:34:21] [INFO] SHA 1001 sincronizado: 01.jpeg (57,1 KB)
[2025-12-09 09:34:21] [INFO] Sincronização: 1 sucesso(s), 0 falha(s), 1 total
[2025-12-09 09:34:26] [INFO] SHA 1001 sincronizado: 01.jpeg (57,1 KB)
[2025-12-09 09:34:26] [INFO] Sincronização: 1 sucesso(s), 0 falha(s), 1 total
[2025-12-09 09:34:31] [INFO] SHA 1001 sincronizado: 01.jpeg (57,1 KB)
[2025-12-09 09:34:31] [INFO] Sincronização: 1 sucesso(s), 0 falha(s), 1 total
[2025-12-09 09:34:36] [INFO] SHA 1001 sincronizado: 01.jpeg (57,1 KB)
[2025-12-09 09:34:36] [INFO] Sincronização: 1 sucesso(s), 0 falha(s), 1 total
[2025-12-09 09:34:41] [INFO] SHA 1001 sincronizado: 01.jpeg (57,1 KB)
[2025-12-09 09:34:41] [INFO] Sincronização: 1 sucesso(s), 0 falha(s), 1 total
[2025-12-09 09:34:46] [INFO] SHA 1001 sincronizado: 01.jpeg (57,1 KB)
[2025-12-09 09:34:46] [INFO] Sincronização: 1 sucesso(s), 0 falha(s), 1 total
[2025-12-09 09:34:51] [INFO] SHA 1001 sincronizado: 01.jpeg (57,1 KB)
[2025-12-09 09:34:51] [INFO] Sincronização: 1 sucesso(s), 0 falha(s), 1 total
[2025-12-09 09:34:56] [INFO] SHA 1001 sincronizado: 01.jpeg (57,1 KB)
[2025-12-09 09:34:56] [INFO] Sincronização: 1 sucesso(s), 0 falha(s), 1 total
[2025-12-09 09:35:01] [INFO] SHA 1001 sincronizado: 01.jpeg (57,1 KB)
[2025-12-09 09:35:01] [INFO] Sincronização: 1 sucesso(s), 0 falha(s), 1 total
[2025-12-09 09:35:06] [INFO] SHA 1001 sincronizado: 01.jpeg (57,1 KB)
[2025-12-09 09:35:06] [INFO] Sincronização: 1 sucesso(s), 0 falha(s), 1 total
[2025-12-09 09:35:11] [INFO] SHA 1001 sincronizado: 01.jpeg (57,1 KB)
[2025-12-09 09:35:11] [INFO] Sincronização: 1 sucesso(s), 0 falha(s), 1 total
[2025-12-09 09:35:16] [INFO] SHA 1001 sincronizado: 01.jpeg (57,1 KB)
[2025-12-09 09:35:16] [INFO] Sincronização: 1 sucesso(s), 0 falha(s), 1 total
[2025-12-09 09:35:21] [INFO] SHA 1001 sincronizado: 01.jpeg (57,1 KB)
[2025-12-09 09:35:21] [INFO] Sincronização: 1 sucesso(s), 0 falha(s), 1 total
[2025-12-09 09:35:26] [INFO] SHA 1001 sincronizado: 01.jpeg (57,1 KB)
[2025-12-09 09:35:26] [INFO] Sincronização: 1 sucesso(s), 0 falha(s), 1 total
[2025-12-09 09:35:31] [INFO] SHA 1001 sincronizado: 01.jpeg (57,1 KB)
[2025-12-09 09:35:31] [INFO] Sincronização: 1 sucesso(s), 0 falha(s), 1 total
[2025-12-09 09:35:36] [INFO] SHA 1001 sincronizado: 01.jpeg (57,1 KB)
[2025-12-09 09:35:36] [INFO] Sincronização: 1 sucesso(s), 0 falha(s), 1 total
[2025-12-09 09:35:41] [INFO] SHA 1001 sincronizado: 01.jpeg (57,1 KB)
[2025-12-09 09:35:41] [INFO] Sincronização: 1 sucesso(s), 0 falha(s), 1 total
[2025-12-09 09:35:46] [INFO] SHA 1001 sincronizado: 01.jpeg (57,1 KB)
[2025-12-09 09:35:46] [INFO] Sincronização: 1 sucesso(s), 0 falha(s), 1 total
[2025-12-09 09:35:51] [INFO] SHA 1001 sincronizado: 01.jpeg (57,1 KB)
[2025-12-09 09:35:51] [INFO] Sincronização: 1 sucesso(s), 0 falha(s), 1 total
[2025-12-09 09:35:56] [INFO] SHA 1001 sincronizado: 01.jpeg (57,1 KB)
[2025-12-09 09:35:56] [INFO] Sincronização: 1 sucesso(s), 0 falha(s), 1 total
[2025-12-09 09:36:01] [INFO] SHA 1001 sincronizado: 01.jpeg (57,1 KB)
[2025-12-09 09:36:01] [INFO] Sincronização: 1 sucesso(s), 0 falha(s), 1 total
[2025-12-09 09:36:06] [INFO] SHA 1001 sincronizado: 01.jpeg (57,1 KB)
[2025-12-09 09:36:06] [INFO] Sincronização: 1 sucesso(s), 0 falha(s), 1 total
[2025-12-09 09:36:11] [INFO] SHA 1001 sincronizado: 01.jpeg (57,1 KB)
[2025-12-09 09:36:11] [INFO] Sincronização: 1 sucesso(s), 0 falha(s), 1 total
[2025-12-09 09:36:16] [INFO] SHA 1001 sincronizado: 01.jpeg (57,1 KB)
[2025-12-09 09:36:16] [INFO] Sincronização: 1 sucesso(s), 0 falha(s), 1 total
[2025-12-09 09:36:21] [INFO] SHA 1001 sincronizado: 01.jpeg (57,1 KB)
[2025-12-09 09:36:21] [INFO] Sincronização: 1 sucesso(s), 0 falha(s), 1 total
[2025-12-09 09:36:26] [INFO] SHA 1001 sincronizado: 01.jpeg (57,1 KB)
[2025-12-09 09:36:26] [INFO] Sincronização: 1 sucesso(s), 0 falha(s), 1 total
[2025-12-09 09:36:31] [INFO] SHA 1001 sincronizado: 01.jpeg (57,1 KB)
[2025-12-09 09:36:31] [INFO] Sincronização: 1 sucesso(s), 0 falha(s), 1 total
[2025-12-09 09:36:36] [INFO] SHA 1001 sincronizado: 01.jpeg (57,1 KB)
[2025-12-09 09:36:36] [INFO] Sincronização: 1 sucesso(s), 0 falha(s), 1 total
[2025-12-09 09:36:41] [INFO] SHA 1001 sincronizado: 01.jpeg (57,1 KB)
[2025-12-09 09:36:41] [INFO] Sincronização: 1 sucesso(s), 0 falha(s), 1 total
[2025-12-09 09:36:46] [INFO] SHA 1001 sincronizado: 01.jpeg (57,1 KB)
[2025-12-09 09:36:46] [INFO] Sincronização: 1 sucesso(s), 0 falha(s), 1 total
[2025-12-09 09:36:51] [INFO] SHA 1001 sincronizado: 01.jpeg (57,1 KB)
[2025-12-09 09:36:51] [INFO] Sincronização: 1 sucesso(s), 0 falha(s), 1 total
[2025-12-09 09:36:56] [INFO] SHA 1001 sincronizado: 01.jpeg (57,1 KB)
[2025-12-09 09:36:56] [INFO] Sincronização: 1 sucesso(s), 0 falha(s), 1 total
[2025-12-09 09:37:01] [INFO] SHA 1001 sincronizado: 01.jpeg (57,1 KB)
[2025-12-09 09:37:01] [INFO] Sincronização: 1 sucesso(s), 0 falha(s), 1 total
[2025-12-09 09:37:06] [INFO] SHA 1001 sincronizado: 01.jpeg (57,1 KB)
[2025-12-09 09:37:06] [INFO] Sincronização: 1 sucesso(s), 0 falha(s), 1 total
[2025-12-09 09:37:11] [INFO] SHA 1001 sincronizado: 01.jpeg (57,1 KB)
[2025-12-09 09:37:11] [INFO] Sincronização: 1 sucesso(s), 0 falha(s), 1 total
[2025-12-09 09:37:16] [INFO] SHA 1001 sincronizado: 01.jpeg (57,1 KB)
[2025-12-09 09:37:16] [INFO] Sincronização: 1 sucesso(s), 0 falha(s), 1 total
[2025-12-09 09:37:21] [INFO] SHA 1001 sincronizado: 01.jpeg (57,1 KB)
[2025-12-09 09:37:21] [INFO] Sincronização: 1 sucesso(s), 0 falha(s), 1 total
[2025-12-09 09:37:26] [INFO] SHA 1001 sincronizado: 01.jpeg (57,1 KB)
[2025-12-09 09:37:26] [INFO] Sincronização: 1 sucesso(s), 0 falha(s), 1 total
[2025-12-09 09:37:31] [INFO] SHA 1001 sincronizado: 01.jpeg (57,1 KB)
[2025-12-09 09:37:31] [INFO] Sincronização: 1 sucesso(s), 0 falha(s), 1 total
[2025-12-09 09:37:36] [INFO] SHA 1001 sincronizado: 01.jpeg (57,1 KB)
[2025-12-09 09:37:36] [INFO] Sincronização: 1 sucesso(s), 0 falha(s), 1 total
[2025-12-09 09:37:41] [INFO] SHA 1001 sincronizado: 01.jpeg (57,1 KB)
[2025-12-09 09:37:41] [INFO] Sincronização: 1 sucesso(s), 0 falha(s), 1 total
[2025-12-09 09:37:46] [INFO] SHA 1001 sincronizado: 01.jpeg (57,1 KB)
[2025-12-09 09:37:46] [INFO] Sincronização: 1 sucesso(s), 0 falha(s), 1 total
[2025-12-09 09:37:51] [INFO] SHA 1001 sincronizado: 01.jpeg (57,1 KB)
[2025-12-09 09:37:51] [INFO] Sincronização: 1 sucesso(s), 0 falha(s), 1 total
[2025-12-09 09:37:56] [INFO] SHA 1001 sincronizado: 01.jpeg (57,1 KB)
[2025-12-09 09:37:56] [INFO] Sincronização: 1 sucesso(s), 0 falha(s), 1 total
[2025-12-09 09:38:01] [INFO] SHA 1001 sincronizado: 01.jpeg (57,1 KB)
[2025-12-09 09:38:01] [INFO] Sincronização: 1 sucesso(s), 0 falha(s), 1 total
[2025-12-09 09:38:06] [INFO] SHA 1001 sincronizado: 01.jpeg (57,1 KB)
[2025-12-09 09:38:06] [INFO] Sincronização: 1 sucesso(s), 0 falha(s), 1 total
[2025-12-09 09:38:11] [INFO] SHA 1001 sincronizado: 01.jpeg (57,1 KB)
[2025-12-09 09:38:11] [INFO] Sincronização: 1 sucesso(s), 0 falha(s), 1 total
[2025-12-09 09:38:16] [INFO] SHA 1001 sincronizado: 01.jpeg (57,1 KB)
[2025-12-09 09:38:16] [INFO] Sincronização: 1 sucesso(s), 0 falha(s), 1 total
[2025-12-09 09:38:21] [INFO] SHA 1001 sincronizado: 01.jpeg (57,1 KB)
[2025-12-09 09:38:21] [INFO] Sincronização: 1 sucesso(s), 0 falha(s), 1 total
[2025-12-09 09:38:26] [INFO] SHA 1001 sincronizado: 01.jpeg (57,1 KB)
[2025-12-09 09:38:26] [INFO] Sincronização: 1 sucesso(s), 0 falha(s), 1 total
[2025-12-09 09:38:31] [INFO] SHA 1001 sincronizado: 01.jpeg (57,1 KB)
[2025-12-09 09:38:31] [INFO] Sincronização: 1 sucesso(s), 0 falha(s), 1 total
[2025-12-09 09:38:36] [INFO] SHA 1001 sincronizado: 01.jpeg (57,1 KB)
[2025-12-09 09:38:36] [INFO] Sincronização: 1 sucesso(s), 0 falha(s), 1 total
[2025-12-09 09:38:41] [INFO] SHA 1001 sincronizado: 01.jpeg (57,1 KB)
[2025-12-09 09:38:41] [INFO] Sincronização: 1 sucesso(s), 0 falha(s), 1 total
[2025-12-09 09:38:46] [INFO] SHA 1001 sincronizado: 01.jpeg (57,1 KB)
[2025-12-09 09:38:46] [INFO] Sincronização: 1 sucesso(s), 0 falha(s), 1 total
[2025-12-09 09:38:51] [INFO] SHA 1001 sincronizado: 01.jpeg (57,1 KB)
[2025-12-09 09:38:51] [INFO] Sincronização: 1 sucesso(s), 0 falha(s), 1 total
[2025-12-09 09:38:56] [INFO] SHA 1001 sincronizado: 01.jpeg (57,1 KB)
[2025-12-09 09:38:56] [INFO] Sincronização: 1 sucesso(s), 0 falha(s), 1 total
[2025-12-09 09:39:01] [INFO] SHA 1001 sincronizado: 01.jpeg (57,1 KB)
[2025-12-09 09:39:01] [INFO] Sincronização: 1 sucesso(s), 0 falha(s), 1 total
[2025-12-09 09:39:06] [INFO] SHA 1001 sincronizado: 01.jpeg (57,1 KB)
[2025-12-09 09:39:06] [INFO] Sincronização: 1 sucesso(s), 0 falha(s), 1 total
[2025-12-09 09:39:11] [INFO] SHA 1001 sincronizado: 01.jpeg (57,1 KB)
[2025-12-09 09:39:11] [INFO] Sincronização: 1 sucesso(s), 0 falha(s), 1 total
[2025-12-09 09:39:16] [INFO] SHA 1001 sincronizado: 01.jpeg (57,1 KB)
[2025-12-09 09:39:16] [INFO] Sincronização: 1 sucesso(s), 0 falha(s), 1 total
[2025-12-09 09:39:21] [INFO] SHA 1001 sincronizado: 01.jpeg (57,1 KB)
[2025-12-09 09:39:21] [INFO] Sincronização: 1 sucesso(s), 0 falha(s), 1 total
[2025-12-09 09:39:26] [INFO] SHA 1001 sincronizado: 01.jpeg (57,1 KB)
[2025-12-09 09:39:26] [INFO] Sincronização: 1 sucesso(s), 0 falha(s), 1 total
[2025-12-09 09:39:31] [INFO] SHA 1001 sincronizado: 01.jpeg (57,1 KB)
[2025-12-09 09:39:31] [INFO] Sincronização: 1 sucesso(s), 0 falha(s), 1 total
[2025-12-09 09:39:36] [INFO] SHA 1001 sincronizado: 01.jpeg (57,1 KB)
[2025-12-09 09:39:36] [INFO] Sincronização: 1 sucesso(s), 0 falha(s), 1 total
[2025-12-09 09:39:41] [INFO] SHA 1001 sincronizado: 01.jpeg (57,1 KB)
[2025-12-09 09:39:41] [INFO] Sincronização: 1 sucesso(s), 0 falha(s), 1 total
[2025-12-09 09:39:46] [INFO] SHA 1001 sincronizado: 01.jpeg (57,1 KB)
[2025-12-09 09:39:46] [INFO] Sincronização: 1 sucesso(s), 0 falha(s), 1 total
[2025-12-09 09:39:51] [INFO] SHA 1001 sincronizado: 01.jpeg (57,1 KB)
[2025-12-09 09:39:51] [INFO] Sincronização: 1 sucesso(s), 0 falha(s), 1 total
[2025-12-09 09:39:56] [INFO] SHA 1001 sincronizado: 01.jpeg (57,1 KB)
[2025-12-09 09:39:56] [INFO] Sincronização: 1 sucesso(s), 0 falha(s), 1 total
[2025-12-09 09:40:01] [INFO] SHA 1001 sincronizado: 01.jpeg (57,1 KB)
[2025-12-09 09:40:01] [INFO] Sincronização: 1 sucesso(s), 0 falha(s), 1 total
[2025-12-09 09:40:06] [INFO] SHA 1001 sincronizado: 01.jpeg (57,1 KB)
[2025-12-09 09:40:06] [INFO] Sincronização: 1 sucesso(s), 0 falha(s), 1 total
[2025-12-09 09:40:11] [INFO] SHA 1001 sincronizado: 01.jpeg (57,1 KB)
[2025-12-09 09:40:11] [INFO] Sincronização: 1 sucesso(s), 0 falha(s), 1 total
[2025-12-09 09:40:16] [INFO] SHA 1001 sincronizado: 01.jpeg (57,1 KB)
[2025-12-09 09:40:16] [INFO] Sincronização: 1 sucesso(s), 0 falha(s), 1 total
[2025-12-09 09:40:21] [INFO] SHA 1001 sincronizado: 01.jpeg (57,1 KB)
[2025-12-09 09:40:21] [INFO] Sincronização: 1 sucesso(s), 0 falha(s), 1 total
[2025-12-09 09:40:26] [INFO] SHA 1001 sincronizado: 01.jpeg (57,1 KB)
[2025-12-09 09:40:26] [INFO] Sincronização: 1 sucesso(s), 0 falha(s), 1 total
[2025-12-09 09:40:31] [INFO] SHA 1001 sincronizado: 01.jpeg (57,1 KB)
[2025-12-09 09:40:31] [INFO] Sincronização: 1 sucesso(s), 0 falha(s), 1 total
